{"C:\\Users\\extcacd\\Desktop\\Capstone\\reimbursement-backend\\src\\app.js": {"path":"C:\\Users\\extcacd\\Desktop\\Capstone\\reimbursement-backend\\src\\app.js","statementMap":{"0":{"start":{"line":20,"column":0},"end":{"line":20,"column":16}},"1":{"start":{"line":22,"column":12},"end":{"line":22,"column":21}},"2":{"start":{"line":23,"column":0},"end":{"line":23,"column":26}},"3":{"start":{"line":26,"column":0},"end":{"line":26,"column":24}},"4":{"start":{"line":29,"column":0},"end":{"line":41,"column":2}},"5":{"start":{"line":44,"column":0},"end":{"line":44,"column":17}},"6":{"start":{"line":47,"column":20},"end":{"line":52,"column":1}},"7":{"start":{"line":53,"column":0},"end":{"line":53,"column":27}},"8":{"start":{"line":56,"column":0},"end":{"line":56,"column":27}},"9":{"start":{"line":57,"column":0},"end":{"line":57,"column":51}},"10":{"start":{"line":60,"column":0},"end":{"line":60,"column":31}},"11":{"start":{"line":61,"column":0},"end":{"line":61,"column":28}},"12":{"start":{"line":64,"column":0},"end":{"line":70,"column":3}},"13":{"start":{"line":65,"column":2},"end":{"line":68,"column":3}},"14":{"start":{"line":66,"column":4},"end":{"line":66,"column":53}},"15":{"start":{"line":67,"column":4},"end":{"line":67,"column":69}},"16":{"start":{"line":69,"column":2},"end":{"line":69,"column":9}},"17":{"start":{"line":73,"column":0},"end":{"line":73,"column":29}},"18":{"start":{"line":74,"column":0},"end":{"line":74,"column":52}},"19":{"start":{"line":75,"column":0},"end":{"line":75,"column":42}},"20":{"start":{"line":76,"column":0},"end":{"line":76,"column":34}},"21":{"start":{"line":77,"column":0},"end":{"line":77,"column":31}},"22":{"start":{"line":78,"column":0},"end":{"line":78,"column":35}},"23":{"start":{"line":79,"column":0},"end":{"line":79,"column":41}},"24":{"start":{"line":82,"column":0},"end":{"line":87,"column":3}},"25":{"start":{"line":83,"column":2},"end":{"line":86,"column":5}},"26":{"start":{"line":90,"column":0},"end":{"line":90,"column":74}},"27":{"start":{"line":90,"column":22},"end":{"line":90,"column":72}},"28":{"start":{"line":93,"column":0},"end":{"line":96,"column":3}},"29":{"start":{"line":94,"column":2},"end":{"line":94,"column":47}},"30":{"start":{"line":95,"column":2},"end":{"line":95,"column":74}},"31":{"start":{"line":99,"column":13},"end":{"line":99,"column":37}},"32":{"start":{"line":100,"column":0},"end":{"line":120,"column":5}},"33":{"start":{"line":101,"column":2},"end":{"line":119,"column":3}},"34":{"start":{"line":103,"column":4},"end":{"line":103,"column":56}},"35":{"start":{"line":104,"column":4},"end":{"line":104,"column":30}},"36":{"start":{"line":107,"column":4},"end":{"line":107,"column":43}},"37":{"start":{"line":108,"column":4},"end":{"line":108,"column":50}},"38":{"start":{"line":111,"column":4},"end":{"line":115,"column":7}},"39":{"start":{"line":112,"column":6},"end":{"line":112,"column":67}},"40":{"start":{"line":113,"column":6},"end":{"line":113,"column":81}},"41":{"start":{"line":114,"column":6},"end":{"line":114,"column":111}},"42":{"start":{"line":117,"column":4},"end":{"line":117,"column":50}},"43":{"start":{"line":118,"column":4},"end":{"line":118,"column":20}}},"fnMap":{"0":{"name":"(anonymous_0)","decl":{"start":{"line":64,"column":8},"end":{"line":64,"column":9}},"loc":{"start":{"line":64,"column":28},"end":{"line":70,"column":1}},"line":64},"1":{"name":"(anonymous_1)","decl":{"start":{"line":82,"column":13},"end":{"line":82,"column":14}},"loc":{"start":{"line":82,"column":27},"end":{"line":87,"column":1}},"line":82},"2":{"name":"(anonymous_2)","decl":{"start":{"line":90,"column":8},"end":{"line":90,"column":9}},"loc":{"start":{"line":90,"column":22},"end":{"line":90,"column":72}},"line":90},"3":{"name":"(anonymous_3)","decl":{"start":{"line":93,"column":8},"end":{"line":93,"column":9}},"loc":{"start":{"line":93,"column":33},"end":{"line":96,"column":1}},"line":93},"4":{"name":"(anonymous_4)","decl":{"start":{"line":100,"column":1},"end":{"line":100,"column":2}},"loc":{"start":{"line":100,"column":13},"end":{"line":120,"column":1}},"line":100},"5":{"name":"(anonymous_5)","decl":{"start":{"line":111,"column":21},"end":{"line":111,"column":22}},"loc":{"start":{"line":111,"column":27},"end":{"line":115,"column":5}},"line":111}},"branchMap":{"0":{"loc":{"start":{"line":31,"column":12},"end":{"line":31,"column":59}},"type":"binary-expr","locations":[{"start":{"line":31,"column":12},"end":{"line":31,"column":38}},{"start":{"line":31,"column":42},"end":{"line":31,"column":59}}],"line":31},"1":{"loc":{"start":{"line":48,"column":10},"end":{"line":48,"column":59}},"type":"binary-expr","locations":[{"start":{"line":48,"column":10},"end":{"line":48,"column":32}},{"start":{"line":48,"column":36},"end":{"line":48,"column":59}}],"line":48},"2":{"loc":{"start":{"line":65,"column":2},"end":{"line":68,"column":3}},"type":"if","locations":[{"start":{"line":65,"column":2},"end":{"line":68,"column":3}},{"start":{},"end":{}}],"line":65},"3":{"loc":{"start":{"line":67,"column":42},"end":{"line":67,"column":67}},"type":"binary-expr","locations":[{"start":{"line":67,"column":42},"end":{"line":67,"column":57}},{"start":{"line":67,"column":61},"end":{"line":67,"column":67}}],"line":67},"4":{"loc":{"start":{"line":95,"column":32},"end":{"line":95,"column":70}},"type":"binary-expr","locations":[{"start":{"line":95,"column":32},"end":{"line":95,"column":43}},{"start":{"line":95,"column":47},"end":{"line":95,"column":70}}],"line":95},"5":{"loc":{"start":{"line":99,"column":13},"end":{"line":99,"column":37}},"type":"binary-expr","locations":[{"start":{"line":99,"column":13},"end":{"line":99,"column":29}},{"start":{"line":99,"column":33},"end":{"line":99,"column":37}}],"line":99},"6":{"loc":{"start":{"line":114,"column":45},"end":{"line":114,"column":105}},"type":"cond-expr","locations":[{"start":{"line":114,"column":70},"end":{"line":114,"column":84}},{"start":{"line":114,"column":87},"end":{"line":114,"column":105}}],"line":114}},"s":{"0":0,"1":0,"2":0,"3":0,"4":0,"5":0,"6":0,"7":0,"8":0,"9":0,"10":0,"11":0,"12":0,"13":0,"14":0,"15":0,"16":0,"17":0,"18":0,"19":0,"20":0,"21":0,"22":0,"23":0,"24":0,"25":0,"26":0,"27":0,"28":0,"29":0,"30":0,"31":0,"32":0,"33":0,"34":0,"35":0,"36":0,"37":0,"38":0,"39":0,"40":0,"41":0,"42":0,"43":0},"f":{"0":0,"1":0,"2":0,"3":0,"4":0,"5":0},"b":{"0":[0,0],"1":[0,0],"2":[0,0],"3":[0,0],"4":[0,0],"5":[0,0],"6":[0,0]}}
,"C:\\Users\\extcacd\\Desktop\\Capstone\\reimbursement-backend\\src\\config\\db.js": {"path":"C:\\Users\\extcacd\\Desktop\\Capstone\\reimbursement-backend\\src\\config\\db.js","statementMap":{"0":{"start":{"line":3,"column":0},"end":{"line":3,"column":16}},"1":{"start":{"line":5,"column":18},"end":{"line":13,"column":2}}},"fnMap":{},"branchMap":{"0":{"loc":{"start":{"line":11,"column":11},"end":{"line":11,"column":95}},"type":"cond-expr","locations":[{"start":{"line":11,"column":43},"end":{"line":11,"column":87}},{"start":{"line":11,"column":90},"end":{"line":11,"column":95}}],"line":11}},"s":{"0":0,"1":0},"f":{},"b":{"0":[0,0]}}
,"C:\\Users\\extcacd\\Desktop\\Capstone\\reimbursement-backend\\src\\config\\gemini.js": {"path":"C:\\Users\\extcacd\\Desktop\\Capstone\\reimbursement-backend\\src\\config\\gemini.js","statementMap":{"0":{"start":{"line":3,"column":14},"end":{"line":3,"column":64}}},"fnMap":{},"branchMap":{},"s":{"0":0},"f":{},"b":{}}
,"C:\\Users\\extcacd\\Desktop\\Capstone\\reimbursement-backend\\src\\config\\passport.js": {"path":"C:\\Users\\extcacd\\Desktop\\Capstone\\reimbursement-backend\\src\\config\\passport.js","statementMap":{"0":{"start":{"line":8,"column":0},"end":{"line":8,"column":16}},"1":{"start":{"line":10,"column":20},"end":{"line":30,"column":1}},"2":{"start":{"line":34,"column":2},"end":{"line":53,"column":3}},"3":{"start":{"line":35,"column":4},"end":{"line":35,"column":71}},"4":{"start":{"line":36,"column":21},"end":{"line":39,"column":6}},"5":{"start":{"line":41,"column":4},"end":{"line":41,"column":80}},"6":{"start":{"line":42,"column":4},"end":{"line":42,"column":62}},"7":{"start":{"line":44,"column":24},"end":{"line":44,"column":79}},"8":{"start":{"line":45,"column":24},"end":{"line":45,"column":72}},"9":{"start":{"line":46,"column":20},"end":{"line":46,"column":63}},"10":{"start":{"line":48,"column":4},"end":{"line":48,"column":58}},"11":{"start":{"line":49,"column":4},"end":{"line":49,"column":19}},"12":{"start":{"line":51,"column":4},"end":{"line":51,"column":94}},"13":{"start":{"line":52,"column":4},"end":{"line":52,"column":16}},"14":{"start":{"line":57,"column":0},"end":{"line":107,"column":2}},"15":{"start":{"line":59,"column":4},"end":{"line":105,"column":5}},"16":{"start":{"line":60,"column":6},"end":{"line":60,"column":45}},"17":{"start":{"line":61,"column":6},"end":{"line":65,"column":9}},"18":{"start":{"line":67,"column":20},"end":{"line":67,"column":77}},"19":{"start":{"line":68,"column":26},"end":{"line":68,"column":59}},"20":{"start":{"line":70,"column":6},"end":{"line":70,"column":70}},"21":{"start":{"line":70,"column":18},"end":{"line":70,"column":70}},"22":{"start":{"line":73,"column":29},"end":{"line":73,"column":67}},"23":{"start":{"line":75,"column":17},"end":{"line":79,"column":8}},"24":{"start":{"line":81,"column":6},"end":{"line":98,"column":7}},"25":{"start":{"line":82,"column":8},"end":{"line":82,"column":61}},"26":{"start":{"line":83,"column":8},"end":{"line":91,"column":11}},"27":{"start":{"line":93,"column":8},"end":{"line":93,"column":57}},"28":{"start":{"line":94,"column":8},"end":{"line":94,"column":39}},"29":{"start":{"line":95,"column":8},"end":{"line":95,"column":40}},"30":{"start":{"line":96,"column":8},"end":{"line":96,"column":45}},"31":{"start":{"line":97,"column":8},"end":{"line":97,"column":26}},"32":{"start":{"line":100,"column":6},"end":{"line":100,"column":55}},"33":{"start":{"line":101,"column":6},"end":{"line":101,"column":23}},"34":{"start":{"line":103,"column":6},"end":{"line":103,"column":49}},"35":{"start":{"line":104,"column":6},"end":{"line":104,"column":22}},"36":{"start":{"line":110,"column":0},"end":{"line":113,"column":3}},"37":{"start":{"line":111,"column":2},"end":{"line":111,"column":50}},"38":{"start":{"line":112,"column":2},"end":{"line":112,"column":22}},"39":{"start":{"line":116,"column":0},"end":{"line":125,"column":3}},"40":{"start":{"line":117,"column":2},"end":{"line":124,"column":3}},"41":{"start":{"line":118,"column":17},"end":{"line":118,"column":40}},"42":{"start":{"line":119,"column":4},"end":{"line":119,"column":40}},"43":{"start":{"line":119,"column":15},"end":{"line":119,"column":40}},"44":{"start":{"line":120,"column":4},"end":{"line":120,"column":52}},"45":{"start":{"line":121,"column":4},"end":{"line":121,"column":21}},"46":{"start":{"line":123,"column":4},"end":{"line":123,"column":20}}},"fnMap":{"0":{"name":"fetchProfilePicture","decl":{"start":{"line":33,"column":15},"end":{"line":33,"column":34}},"loc":{"start":{"line":33,"column":48},"end":{"line":54,"column":1}},"line":33},"1":{"name":"(anonymous_1)","decl":{"start":{"line":58,"column":32},"end":{"line":58,"column":33}},"loc":{"start":{"line":58,"column":94},"end":{"line":106,"column":3}},"line":58},"2":{"name":"(anonymous_2)","decl":{"start":{"line":110,"column":23},"end":{"line":110,"column":24}},"loc":{"start":{"line":110,"column":39},"end":{"line":113,"column":1}},"line":110},"3":{"name":"(anonymous_3)","decl":{"start":{"line":116,"column":25},"end":{"line":116,"column":26}},"loc":{"start":{"line":116,"column":45},"end":{"line":125,"column":1}},"line":116}},"branchMap":{"0":{"loc":{"start":{"line":45,"column":24},"end":{"line":45,"column":72}},"type":"binary-expr","locations":[{"start":{"line":45,"column":24},"end":{"line":45,"column":56}},{"start":{"line":45,"column":60},"end":{"line":45,"column":72}}],"line":45},"1":{"loc":{"start":{"line":67,"column":20},"end":{"line":67,"column":77}},"type":"binary-expr","locations":[{"start":{"line":67,"column":20},"end":{"line":67,"column":40}},{"start":{"line":67,"column":44},"end":{"line":67,"column":77}}],"line":67},"2":{"loc":{"start":{"line":68,"column":26},"end":{"line":68,"column":59}},"type":"binary-expr","locations":[{"start":{"line":68,"column":26},"end":{"line":68,"column":37}},{"start":{"line":68,"column":41},"end":{"line":68,"column":59}}],"line":68},"3":{"loc":{"start":{"line":70,"column":6},"end":{"line":70,"column":70}},"type":"if","locations":[{"start":{"line":70,"column":6},"end":{"line":70,"column":70}},{"start":{},"end":{}}],"line":70},"4":{"loc":{"start":{"line":81,"column":6},"end":{"line":98,"column":7}},"type":"if","locations":[{"start":{"line":81,"column":6},"end":{"line":98,"column":7}},{"start":{"line":92,"column":13},"end":{"line":98,"column":7}}],"line":81},"5":{"loc":{"start":{"line":85,"column":16},"end":{"line":85,"column":58}},"type":"binary-expr","locations":[{"start":{"line":85,"column":16},"end":{"line":85,"column":35}},{"start":{"line":85,"column":39},"end":{"line":85,"column":58}}],"line":85},"6":{"loc":{"start":{"line":119,"column":4},"end":{"line":119,"column":40}},"type":"if","locations":[{"start":{"line":119,"column":4},"end":{"line":119,"column":40}},{"start":{},"end":{}}],"line":119}},"s":{"0":0,"1":0,"2":0,"3":0,"4":0,"5":0,"6":0,"7":0,"8":0,"9":0,"10":0,"11":0,"12":0,"13":0,"14":0,"15":0,"16":0,"17":0,"18":0,"19":0,"20":0,"21":0,"22":0,"23":0,"24":0,"25":0,"26":0,"27":0,"28":0,"29":0,"30":0,"31":0,"32":0,"33":0,"34":0,"35":0,"36":0,"37":0,"38":0,"39":0,"40":0,"41":0,"42":0,"43":0,"44":0,"45":0,"46":0},"f":{"0":0,"1":0,"2":0,"3":0},"b":{"0":[0,0],"1":[0,0],"2":[0,0],"3":[0,0],"4":[0,0],"5":[0,0],"6":[0,0]}}
,"C:\\Users\\extcacd\\Desktop\\Capstone\\reimbursement-backend\\src\\controllers\\admin.controller.js": {"path":"C:\\Users\\extcacd\\Desktop\\Capstone\\reimbursement-backend\\src\\controllers\\admin.controller.js","statementMap":{"0":{"start":{"line":5,"column":25},"end":{"line":94,"column":1}},"1":{"start":{"line":6,"column":2},"end":{"line":93,"column":3}},"2":{"start":{"line":7,"column":4},"end":{"line":7,"column":45}},"3":{"start":{"line":8,"column":47},"end":{"line":8,"column":55}},"4":{"start":{"line":10,"column":22},"end":{"line":10,"column":24}},"5":{"start":{"line":13,"column":4},"end":{"line":49,"column":5}},"6":{"start":{"line":15,"column":20},"end":{"line":15,"column":39}},"7":{"start":{"line":16,"column":6},"end":{"line":16,"column":33}},"8":{"start":{"line":18,"column":18},"end":{"line":18,"column":35}},"9":{"start":{"line":19,"column":6},"end":{"line":19,"column":36}},"10":{"start":{"line":21,"column":6},"end":{"line":23,"column":8}},"11":{"start":{"line":24,"column":11},"end":{"line":49,"column":5}},"12":{"start":{"line":26,"column":20},"end":{"line":26,"column":39}},"13":{"start":{"line":27,"column":6},"end":{"line":27,"column":33}},"14":{"start":{"line":29,"column":6},"end":{"line":31,"column":8}},"15":{"start":{"line":32,"column":11},"end":{"line":49,"column":5}},"16":{"start":{"line":34,"column":25},"end":{"line":34,"column":42}},"17":{"start":{"line":35,"column":6},"end":{"line":35,"column":38}},"18":{"start":{"line":37,"column":23},"end":{"line":37,"column":40}},"19":{"start":{"line":38,"column":6},"end":{"line":38,"column":41}},"20":{"start":{"line":40,"column":6},"end":{"line":42,"column":8}},"21":{"start":{"line":46,"column":6},"end":{"line":48,"column":8}},"22":{"start":{"line":52,"column":27},"end":{"line":74,"column":6}},"23":{"start":{"line":77,"column":4},"end":{"line":77,"column":78}},"24":{"start":{"line":78,"column":4},"end":{"line":78,"column":64}},"25":{"start":{"line":79,"column":4},"end":{"line":79,"column":57}},"26":{"start":{"line":82,"column":4},"end":{"line":86,"column":7}},"27":{"start":{"line":88,"column":4},"end":{"line":88,"column":54}},"28":{"start":{"line":89,"column":4},"end":{"line":92,"column":7}}},"fnMap":{"0":{"name":"(anonymous_0)","decl":{"start":{"line":5,"column":25},"end":{"line":5,"column":26}},"loc":{"start":{"line":5,"column":45},"end":{"line":94,"column":1}},"line":5}},"branchMap":{"0":{"loc":{"start":{"line":13,"column":4},"end":{"line":49,"column":5}},"type":"if","locations":[{"start":{"line":13,"column":4},"end":{"line":49,"column":5}},{"start":{"line":24,"column":11},"end":{"line":49,"column":5}}],"line":13},"1":{"loc":{"start":{"line":13,"column":8},"end":{"line":13,"column":28}},"type":"binary-expr","locations":[{"start":{"line":13,"column":8},"end":{"line":13,"column":17}},{"start":{"line":13,"column":21},"end":{"line":13,"column":28}}],"line":13},"2":{"loc":{"start":{"line":24,"column":11},"end":{"line":49,"column":5}},"type":"if","locations":[{"start":{"line":24,"column":11},"end":{"line":49,"column":5}},{"start":{"line":32,"column":11},"end":{"line":49,"column":5}}],"line":24},"3":{"loc":{"start":{"line":24,"column":15},"end":{"line":24,"column":36}},"type":"binary-expr","locations":[{"start":{"line":24,"column":15},"end":{"line":24,"column":24}},{"start":{"line":24,"column":28},"end":{"line":24,"column":36}}],"line":24},"4":{"loc":{"start":{"line":32,"column":11},"end":{"line":49,"column":5}},"type":"if","locations":[{"start":{"line":32,"column":11},"end":{"line":49,"column":5}},{"start":{"line":45,"column":9},"end":{"line":49,"column":5}}],"line":32},"5":{"loc":{"start":{"line":32,"column":15},"end":{"line":32,"column":36}},"type":"binary-expr","locations":[{"start":{"line":32,"column":15},"end":{"line":32,"column":25}},{"start":{"line":32,"column":29},"end":{"line":32,"column":36}}],"line":32}},"s":{"0":0,"1":0,"2":0,"3":0,"4":0,"5":0,"6":0,"7":0,"8":0,"9":0,"10":0,"11":0,"12":0,"13":0,"14":0,"15":0,"16":0,"17":0,"18":0,"19":0,"20":0,"21":0,"22":0,"23":0,"24":0,"25":0,"26":0,"27":0,"28":0},"f":{"0":0},"b":{"0":[0,0],"1":[0,0],"2":[0,0],"3":[0,0],"4":[0,0],"5":[0,0]}}
,"C:\\Users\\extcacd\\Desktop\\Capstone\\reimbursement-backend\\src\\controllers\\approvalController.js": {"path":"C:\\Users\\extcacd\\Desktop\\Capstone\\reimbursement-backend\\src\\controllers\\approvalController.js","statementMap":{"0":{"start":{"line":16,"column":2},"end":{"line":238,"column":3}},"1":{"start":{"line":17,"column":21},"end":{"line":17,"column":29}},"2":{"start":{"line":18,"column":19},"end":{"line":18,"column":29}},"3":{"start":{"line":19,"column":24},"end":{"line":19,"column":32}},"4":{"start":{"line":21,"column":4},"end":{"line":23,"column":5}},"5":{"start":{"line":22,"column":6},"end":{"line":22,"column":66}},"6":{"start":{"line":25,"column":4},"end":{"line":25,"column":101}},"7":{"start":{"line":28,"column":14},"end":{"line":47,"column":6}},"8":{"start":{"line":49,"column":4},"end":{"line":51,"column":5}},"9":{"start":{"line":50,"column":6},"end":{"line":50,"column":72}},"10":{"start":{"line":53,"column":4},"end":{"line":53,"column":122}},"11":{"start":{"line":56,"column":4},"end":{"line":63,"column":5}},"12":{"start":{"line":57,"column":6},"end":{"line":57,"column":99}},"13":{"start":{"line":58,"column":6},"end":{"line":62,"column":9}},"14":{"start":{"line":66,"column":4},"end":{"line":77,"column":5}},"15":{"start":{"line":67,"column":31},"end":{"line":67,"column":89}},"16":{"start":{"line":69,"column":6},"end":{"line":76,"column":7}},"17":{"start":{"line":70,"column":8},"end":{"line":70,"column":109}},"18":{"start":{"line":71,"column":8},"end":{"line":75,"column":11}},"19":{"start":{"line":80,"column":28},"end":{"line":86,"column":6}},"20":{"start":{"line":88,"column":4},"end":{"line":94,"column":5}},"21":{"start":{"line":89,"column":6},"end":{"line":89,"column":76}},"22":{"start":{"line":90,"column":6},"end":{"line":93,"column":9}},"23":{"start":{"line":96,"column":4},"end":{"line":96,"column":87}},"24":{"start":{"line":99,"column":4},"end":{"line":99,"column":46}},"25":{"start":{"line":100,"column":4},"end":{"line":100,"column":40}},"26":{"start":{"line":101,"column":4},"end":{"line":101,"column":46}},"27":{"start":{"line":102,"column":4},"end":{"line":102,"column":45}},"28":{"start":{"line":103,"column":4},"end":{"line":103,"column":33}},"29":{"start":{"line":105,"column":4},"end":{"line":105,"column":45}},"30":{"start":{"line":108,"column":21},"end":{"line":108,"column":64}},"31":{"start":{"line":110,"column":4},"end":{"line":225,"column":5}},"32":{"start":{"line":112,"column":6},"end":{"line":112,"column":61}},"33":{"start":{"line":115,"column":23},"end":{"line":115,"column":43}},"34":{"start":{"line":116,"column":27},"end":{"line":116,"column":80}},"35":{"start":{"line":118,"column":6},"end":{"line":120,"column":7}},"36":{"start":{"line":119,"column":8},"end":{"line":119,"column":83}},"37":{"start":{"line":122,"column":6},"end":{"line":122,"column":36}},"38":{"start":{"line":123,"column":6},"end":{"line":123,"column":27}},"39":{"start":{"line":124,"column":6},"end":{"line":124,"column":21}},"40":{"start":{"line":127,"column":6},"end":{"line":140,"column":7}},"41":{"start":{"line":128,"column":35},"end":{"line":134,"column":10}},"42":{"start":{"line":136,"column":8},"end":{"line":139,"column":9}},"43":{"start":{"line":137,"column":10},"end":{"line":137,"column":59}},"44":{"start":{"line":138,"column":10},"end":{"line":138,"column":42}},"45":{"start":{"line":143,"column":6},"end":{"line":162,"column":7}},"46":{"start":{"line":144,"column":26},"end":{"line":150,"column":9}},"47":{"start":{"line":152,"column":8},"end":{"line":156,"column":10}},"48":{"start":{"line":158,"column":8},"end":{"line":158,"column":65}},"49":{"start":{"line":160,"column":8},"end":{"line":160,"column":70}},"50":{"start":{"line":165,"column":6},"end":{"line":200,"column":7}},"51":{"start":{"line":166,"column":8},"end":{"line":199,"column":9}},"52":{"start":{"line":167,"column":36},"end":{"line":167,"column":70}},"53":{"start":{"line":168,"column":28},"end":{"line":187,"column":11}},"54":{"start":{"line":189,"column":10},"end":{"line":193,"column":12}},"55":{"start":{"line":195,"column":10},"end":{"line":195,"column":108}},"56":{"start":{"line":197,"column":10},"end":{"line":197,"column":84}},"57":{"start":{"line":204,"column":6},"end":{"line":204,"column":59}},"58":{"start":{"line":205,"column":6},"end":{"line":205,"column":28}},"59":{"start":{"line":206,"column":6},"end":{"line":206,"column":32}},"60":{"start":{"line":207,"column":6},"end":{"line":207,"column":33}},"61":{"start":{"line":208,"column":6},"end":{"line":208,"column":21}},"62":{"start":{"line":211,"column":6},"end":{"line":224,"column":7}},"63":{"start":{"line":212,"column":26},"end":{"line":212,"column":80}},"64":{"start":{"line":214,"column":8},"end":{"line":218,"column":10}},"65":{"start":{"line":220,"column":8},"end":{"line":220,"column":71}},"66":{"start":{"line":222,"column":8},"end":{"line":222,"column":76}},"67":{"start":{"line":227,"column":4},"end":{"line":234,"column":7}},"68":{"start":{"line":236,"column":4},"end":{"line":236,"column":59}},"69":{"start":{"line":237,"column":4},"end":{"line":237,"column":74}},"70":{"start":{"line":245,"column":2},"end":{"line":431,"column":3}},"71":{"start":{"line":246,"column":21},"end":{"line":246,"column":29}},"72":{"start":{"line":247,"column":19},"end":{"line":247,"column":29}},"73":{"start":{"line":248,"column":24},"end":{"line":248,"column":32}},"74":{"start":{"line":250,"column":4},"end":{"line":252,"column":5}},"75":{"start":{"line":251,"column":6},"end":{"line":251,"column":66}},"76":{"start":{"line":254,"column":4},"end":{"line":256,"column":5}},"77":{"start":{"line":255,"column":6},"end":{"line":255,"column":83}},"78":{"start":{"line":258,"column":4},"end":{"line":258,"column":100}},"79":{"start":{"line":261,"column":14},"end":{"line":280,"column":6}},"80":{"start":{"line":282,"column":4},"end":{"line":284,"column":5}},"81":{"start":{"line":283,"column":6},"end":{"line":283,"column":72}},"82":{"start":{"line":286,"column":4},"end":{"line":286,"column":122}},"83":{"start":{"line":289,"column":4},"end":{"line":296,"column":5}},"84":{"start":{"line":290,"column":6},"end":{"line":290,"column":99}},"85":{"start":{"line":291,"column":6},"end":{"line":295,"column":9}},"86":{"start":{"line":299,"column":4},"end":{"line":310,"column":5}},"87":{"start":{"line":300,"column":31},"end":{"line":300,"column":89}},"88":{"start":{"line":302,"column":6},"end":{"line":309,"column":7}},"89":{"start":{"line":303,"column":8},"end":{"line":303,"column":109}},"90":{"start":{"line":304,"column":8},"end":{"line":308,"column":11}},"91":{"start":{"line":313,"column":28},"end":{"line":319,"column":6}},"92":{"start":{"line":321,"column":4},"end":{"line":327,"column":5}},"93":{"start":{"line":322,"column":6},"end":{"line":322,"column":76}},"94":{"start":{"line":323,"column":6},"end":{"line":326,"column":9}},"95":{"start":{"line":329,"column":4},"end":{"line":329,"column":87}},"96":{"start":{"line":332,"column":4},"end":{"line":332,"column":46}},"97":{"start":{"line":333,"column":4},"end":{"line":333,"column":40}},"98":{"start":{"line":334,"column":4},"end":{"line":334,"column":38}},"99":{"start":{"line":335,"column":4},"end":{"line":335,"column":45}},"100":{"start":{"line":336,"column":4},"end":{"line":336,"column":33}},"101":{"start":{"line":338,"column":4},"end":{"line":338,"column":57}},"102":{"start":{"line":341,"column":31},"end":{"line":346,"column":6}},"103":{"start":{"line":348,"column":4},"end":{"line":357,"column":5}},"104":{"start":{"line":349,"column":6},"end":{"line":349,"column":96}},"105":{"start":{"line":350,"column":6},"end":{"line":356,"column":7}},"106":{"start":{"line":351,"column":8},"end":{"line":355,"column":9}},"107":{"start":{"line":352,"column":10},"end":{"line":352,"column":39}},"108":{"start":{"line":353,"column":10},"end":{"line":353,"column":67}},"109":{"start":{"line":354,"column":10},"end":{"line":354,"column":32}},"110":{"start":{"line":360,"column":4},"end":{"line":360,"column":26}},"111":{"start":{"line":361,"column":4},"end":{"line":361,"column":30}},"112":{"start":{"line":362,"column":4},"end":{"line":362,"column":19}},"113":{"start":{"line":364,"column":4},"end":{"line":364,"column":54}},"114":{"start":{"line":367,"column":21},"end":{"line":367,"column":23}},"115":{"start":{"line":369,"column":4},"end":{"line":369,"column":84}},"116":{"start":{"line":370,"column":4},"end":{"line":370,"column":81}},"117":{"start":{"line":373,"column":40},"end":{"line":376,"column":5}},"118":{"start":{"line":374,"column":6},"end":{"line":375,"column":62}},"119":{"start":{"line":378,"column":4},"end":{"line":378,"column":93}},"120":{"start":{"line":381,"column":4},"end":{"line":388,"column":5}},"121":{"start":{"line":382,"column":6},"end":{"line":387,"column":7}},"122":{"start":{"line":383,"column":8},"end":{"line":383,"column":47}},"123":{"start":{"line":384,"column":8},"end":{"line":384,"column":123}},"124":{"start":{"line":386,"column":8},"end":{"line":386,"column":121}},"125":{"start":{"line":390,"column":4},"end":{"line":390,"column":78}},"126":{"start":{"line":393,"column":4},"end":{"line":419,"column":5}},"127":{"start":{"line":394,"column":24},"end":{"line":401,"column":7}},"128":{"start":{"line":403,"column":6},"end":{"line":408,"column":8}},"129":{"start":{"line":410,"column":6},"end":{"line":410,"column":64}},"130":{"start":{"line":411,"column":6},"end":{"line":415,"column":7}},"131":{"start":{"line":412,"column":8},"end":{"line":412,"column":114}},"132":{"start":{"line":414,"column":8},"end":{"line":414,"column":67}},"133":{"start":{"line":417,"column":6},"end":{"line":417,"column":69}},"134":{"start":{"line":421,"column":4},"end":{"line":427,"column":7}},"135":{"start":{"line":429,"column":4},"end":{"line":429,"column":59}},"136":{"start":{"line":430,"column":4},"end":{"line":430,"column":74}}},"fnMap":{"0":{"name":"approve","decl":{"start":{"line":15,"column":22},"end":{"line":15,"column":29}},"loc":{"start":{"line":15,"column":40},"end":{"line":239,"column":1}},"line":15},"1":{"name":"reject","decl":{"start":{"line":244,"column":22},"end":{"line":244,"column":28}},"loc":{"start":{"line":244,"column":39},"end":{"line":432,"column":1}},"line":244},"2":{"name":"(anonymous_2)","decl":{"start":{"line":373,"column":59},"end":{"line":373,"column":60}},"loc":{"start":{"line":374,"column":6},"end":{"line":375,"column":62}},"line":374}},"branchMap":{"0":{"loc":{"start":{"line":21,"column":4},"end":{"line":23,"column":5}},"type":"if","locations":[{"start":{"line":21,"column":4},"end":{"line":23,"column":5}},{"start":{},"end":{}}],"line":21},"1":{"loc":{"start":{"line":49,"column":4},"end":{"line":51,"column":5}},"type":"if","locations":[{"start":{"line":49,"column":4},"end":{"line":51,"column":5}},{"start":{},"end":{}}],"line":49},"2":{"loc":{"start":{"line":56,"column":4},"end":{"line":63,"column":5}},"type":"if","locations":[{"start":{"line":56,"column":4},"end":{"line":63,"column":5}},{"start":{},"end":{}}],"line":56},"3":{"loc":{"start":{"line":66,"column":4},"end":{"line":77,"column":5}},"type":"if","locations":[{"start":{"line":66,"column":4},"end":{"line":77,"column":5}},{"start":{},"end":{}}],"line":66},"4":{"loc":{"start":{"line":69,"column":6},"end":{"line":76,"column":7}},"type":"if","locations":[{"start":{"line":69,"column":6},"end":{"line":76,"column":7}},{"start":{},"end":{}}],"line":69},"5":{"loc":{"start":{"line":88,"column":4},"end":{"line":94,"column":5}},"type":"if","locations":[{"start":{"line":88,"column":4},"end":{"line":94,"column":5}},{"start":{},"end":{}}],"line":88},"6":{"loc":{"start":{"line":101,"column":30},"end":{"line":101,"column":45}},"type":"binary-expr","locations":[{"start":{"line":101,"column":30},"end":{"line":101,"column":37}},{"start":{"line":101,"column":41},"end":{"line":101,"column":45}}],"line":101},"7":{"loc":{"start":{"line":110,"column":4},"end":{"line":225,"column":5}},"type":"if","locations":[{"start":{"line":110,"column":4},"end":{"line":225,"column":5}},{"start":{"line":202,"column":11},"end":{"line":225,"column":5}}],"line":110},"8":{"loc":{"start":{"line":118,"column":6},"end":{"line":120,"column":7}},"type":"if","locations":[{"start":{"line":118,"column":6},"end":{"line":120,"column":7}},{"start":{},"end":{}}],"line":118},"9":{"loc":{"start":{"line":127,"column":6},"end":{"line":140,"column":7}},"type":"if","locations":[{"start":{"line":127,"column":6},"end":{"line":140,"column":7}},{"start":{},"end":{}}],"line":127},"10":{"loc":{"start":{"line":136,"column":8},"end":{"line":139,"column":9}},"type":"if","locations":[{"start":{"line":136,"column":8},"end":{"line":139,"column":9}},{"start":{},"end":{}}],"line":136},"11":{"loc":{"start":{"line":136,"column":12},"end":{"line":136,"column":65}},"type":"binary-expr","locations":[{"start":{"line":136,"column":12},"end":{"line":136,"column":30}},{"start":{"line":136,"column":34},"end":{"line":136,"column":65}}],"line":136},"12":{"loc":{"start":{"line":165,"column":6},"end":{"line":200,"column":7}},"type":"if","locations":[{"start":{"line":165,"column":6},"end":{"line":200,"column":7}},{"start":{},"end":{}}],"line":165},"13":{"loc":{"start":{"line":229,"column":15},"end":{"line":231,"column":79}},"type":"cond-expr","locations":[{"start":{"line":230,"column":10},"end":{"line":230,"column":100}},{"start":{"line":231,"column":10},"end":{"line":231,"column":79}}],"line":229},"14":{"loc":{"start":{"line":250,"column":4},"end":{"line":252,"column":5}},"type":"if","locations":[{"start":{"line":250,"column":4},"end":{"line":252,"column":5}},{"start":{},"end":{}}],"line":250},"15":{"loc":{"start":{"line":254,"column":4},"end":{"line":256,"column":5}},"type":"if","locations":[{"start":{"line":254,"column":4},"end":{"line":256,"column":5}},{"start":{},"end":{}}],"line":254},"16":{"loc":{"start":{"line":254,"column":8},"end":{"line":254,"column":41}},"type":"binary-expr","locations":[{"start":{"line":254,"column":8},"end":{"line":254,"column":16}},{"start":{"line":254,"column":20},"end":{"line":254,"column":41}}],"line":254},"17":{"loc":{"start":{"line":282,"column":4},"end":{"line":284,"column":5}},"type":"if","locations":[{"start":{"line":282,"column":4},"end":{"line":284,"column":5}},{"start":{},"end":{}}],"line":282},"18":{"loc":{"start":{"line":289,"column":4},"end":{"line":296,"column":5}},"type":"if","locations":[{"start":{"line":289,"column":4},"end":{"line":296,"column":5}},{"start":{},"end":{}}],"line":289},"19":{"loc":{"start":{"line":299,"column":4},"end":{"line":310,"column":5}},"type":"if","locations":[{"start":{"line":299,"column":4},"end":{"line":310,"column":5}},{"start":{},"end":{}}],"line":299},"20":{"loc":{"start":{"line":302,"column":6},"end":{"line":309,"column":7}},"type":"if","locations":[{"start":{"line":302,"column":6},"end":{"line":309,"column":7}},{"start":{},"end":{}}],"line":302},"21":{"loc":{"start":{"line":321,"column":4},"end":{"line":327,"column":5}},"type":"if","locations":[{"start":{"line":321,"column":4},"end":{"line":327,"column":5}},{"start":{},"end":{}}],"line":321},"22":{"loc":{"start":{"line":348,"column":4},"end":{"line":357,"column":5}},"type":"if","locations":[{"start":{"line":348,"column":4},"end":{"line":357,"column":5}},{"start":{},"end":{}}],"line":348},"23":{"loc":{"start":{"line":351,"column":8},"end":{"line":355,"column":9}},"type":"if","locations":[{"start":{"line":351,"column":8},"end":{"line":355,"column":9}},{"start":{},"end":{}}],"line":351},"24":{"loc":{"start":{"line":374,"column":6},"end":{"line":375,"column":62}},"type":"binary-expr","locations":[{"start":{"line":374,"column":6},"end":{"line":374,"column":36}},{"start":{"line":375,"column":6},"end":{"line":375,"column":62}}],"line":374},"25":{"loc":{"start":{"line":382,"column":6},"end":{"line":387,"column":7}},"type":"if","locations":[{"start":{"line":382,"column":6},"end":{"line":387,"column":7}},{"start":{"line":385,"column":13},"end":{"line":387,"column":7}}],"line":382},"26":{"loc":{"start":{"line":382,"column":10},"end":{"line":382,"column":54}},"type":"binary-expr","locations":[{"start":{"line":382,"column":10},"end":{"line":382,"column":27}},{"start":{"line":382,"column":31},"end":{"line":382,"column":54}}],"line":382},"27":{"loc":{"start":{"line":407,"column":8},"end":{"line":407,"column":45}},"type":"cond-expr","locations":[{"start":{"line":407,"column":30},"end":{"line":407,"column":38}},{"start":{"line":407,"column":41},"end":{"line":407,"column":45}}],"line":407},"28":{"loc":{"start":{"line":411,"column":6},"end":{"line":415,"column":7}},"type":"if","locations":[{"start":{"line":411,"column":6},"end":{"line":415,"column":7}},{"start":{"line":413,"column":13},"end":{"line":415,"column":7}}],"line":411},"29":{"loc":{"start":{"line":423,"column":15},"end":{"line":425,"column":86}},"type":"cond-expr","locations":[{"start":{"line":424,"column":10},"end":{"line":424,"column":109}},{"start":{"line":425,"column":10},"end":{"line":425,"column":86}}],"line":423}},"s":{"0":0,"1":0,"2":0,"3":0,"4":0,"5":0,"6":0,"7":0,"8":0,"9":0,"10":0,"11":0,"12":0,"13":0,"14":0,"15":0,"16":0,"17":0,"18":0,"19":0,"20":0,"21":0,"22":0,"23":0,"24":0,"25":0,"26":0,"27":0,"28":0,"29":0,"30":0,"31":0,"32":0,"33":0,"34":0,"35":0,"36":0,"37":0,"38":0,"39":0,"40":0,"41":0,"42":0,"43":0,"44":0,"45":0,"46":0,"47":0,"48":0,"49":0,"50":0,"51":0,"52":0,"53":0,"54":0,"55":0,"56":0,"57":0,"58":0,"59":0,"60":0,"61":0,"62":0,"63":0,"64":0,"65":0,"66":0,"67":0,"68":0,"69":0,"70":0,"71":0,"72":0,"73":0,"74":0,"75":0,"76":0,"77":0,"78":0,"79":0,"80":0,"81":0,"82":0,"83":0,"84":0,"85":0,"86":0,"87":0,"88":0,"89":0,"90":0,"91":0,"92":0,"93":0,"94":0,"95":0,"96":0,"97":0,"98":0,"99":0,"100":0,"101":0,"102":0,"103":0,"104":0,"105":0,"106":0,"107":0,"108":0,"109":0,"110":0,"111":0,"112":0,"113":0,"114":0,"115":0,"116":0,"117":0,"118":0,"119":0,"120":0,"121":0,"122":0,"123":0,"124":0,"125":0,"126":0,"127":0,"128":0,"129":0,"130":0,"131":0,"132":0,"133":0,"134":0,"135":0,"136":0},"f":{"0":0,"1":0,"2":0},"b":{"0":[0,0],"1":[0,0],"2":[0,0],"3":[0,0],"4":[0,0],"5":[0,0],"6":[0,0],"7":[0,0],"8":[0,0],"9":[0,0],"10":[0,0],"11":[0,0],"12":[0,0],"13":[0,0],"14":[0,0],"15":[0,0],"16":[0,0],"17":[0,0],"18":[0,0],"19":[0,0],"20":[0,0],"21":[0,0],"22":[0,0],"23":[0,0],"24":[0,0],"25":[0,0],"26":[0,0],"27":[0,0],"28":[0,0],"29":[0,0]}}
,"C:\\Users\\extcacd\\Desktop\\Capstone\\reimbursement-backend\\src\\controllers\\authController.js": {"path":"C:\\Users\\extcacd\\Desktop\\Capstone\\reimbursement-backend\\src\\controllers\\authController.js","statementMap":{"0":{"start":{"line":5,"column":24},"end":{"line":20,"column":1}},"1":{"start":{"line":6,"column":2},"end":{"line":19,"column":3}},"2":{"start":{"line":7,"column":38},"end":{"line":7,"column":46}},"3":{"start":{"line":9,"column":25},"end":{"line":9,"column":65}},"4":{"start":{"line":10,"column":4},"end":{"line":10,"column":86}},"5":{"start":{"line":10,"column":22},"end":{"line":10,"column":86}},"6":{"start":{"line":12,"column":19},"end":{"line":12,"column":50}},"7":{"start":{"line":13,"column":17},"end":{"line":13,"column":69}},"8":{"start":{"line":15,"column":4},"end":{"line":15,"column":76}},"9":{"start":{"line":17,"column":4},"end":{"line":17,"column":42}},"10":{"start":{"line":18,"column":4},"end":{"line":18,"column":54}},"11":{"start":{"line":22,"column":21},"end":{"line":55,"column":1}},"12":{"start":{"line":23,"column":2},"end":{"line":54,"column":3}},"13":{"start":{"line":24,"column":32},"end":{"line":24,"column":40}},"14":{"start":{"line":26,"column":17},"end":{"line":26,"column":57}},"15":{"start":{"line":27,"column":4},"end":{"line":27,"column":74}},"16":{"start":{"line":27,"column":15},"end":{"line":27,"column":74}},"17":{"start":{"line":29,"column":18},"end":{"line":29,"column":63}},"18":{"start":{"line":30,"column":4},"end":{"line":30,"column":80}},"19":{"start":{"line":30,"column":16},"end":{"line":30,"column":80}},"20":{"start":{"line":32,"column":18},"end":{"line":36,"column":5}},"21":{"start":{"line":38,"column":4},"end":{"line":50,"column":3}},"22":{"start":{"line":52,"column":4},"end":{"line":52,"column":39}},"23":{"start":{"line":53,"column":4},"end":{"line":53,"column":54}}},"fnMap":{"0":{"name":"(anonymous_0)","decl":{"start":{"line":5,"column":24},"end":{"line":5,"column":25}},"loc":{"start":{"line":5,"column":44},"end":{"line":20,"column":1}},"line":5},"1":{"name":"(anonymous_1)","decl":{"start":{"line":22,"column":21},"end":{"line":22,"column":22}},"loc":{"start":{"line":22,"column":41},"end":{"line":55,"column":1}},"line":22}},"branchMap":{"0":{"loc":{"start":{"line":10,"column":4},"end":{"line":10,"column":86}},"type":"if","locations":[{"start":{"line":10,"column":4},"end":{"line":10,"column":86}},{"start":{},"end":{}}],"line":10},"1":{"loc":{"start":{"line":27,"column":4},"end":{"line":27,"column":74}},"type":"if","locations":[{"start":{"line":27,"column":4},"end":{"line":27,"column":74}},{"start":{},"end":{}}],"line":27},"2":{"loc":{"start":{"line":30,"column":4},"end":{"line":30,"column":80}},"type":"if","locations":[{"start":{"line":30,"column":4},"end":{"line":30,"column":80}},{"start":{},"end":{}}],"line":30}},"s":{"0":0,"1":0,"2":0,"3":0,"4":0,"5":0,"6":0,"7":0,"8":0,"9":0,"10":0,"11":0,"12":0,"13":0,"14":0,"15":0,"16":0,"17":0,"18":0,"19":0,"20":0,"21":0,"22":0,"23":0},"f":{"0":0,"1":0},"b":{"0":[0,0],"1":[0,0],"2":[0,0]}}
,"C:\\Users\\extcacd\\Desktop\\Capstone\\reimbursement-backend\\src\\controllers\\ocrController.js": {"path":"C:\\Users\\extcacd\\Desktop\\Capstone\\reimbursement-backend\\src\\controllers\\ocrController.js","statementMap":{"0":{"start":{"line":3,"column":0},"end":{"line":3,"column":16}},"1":{"start":{"line":5,"column":14},"end":{"line":5,"column":64}},"2":{"start":{"line":7,"column":34},"end":{"line":39,"column":1}},"3":{"start":{"line":8,"column":2},"end":{"line":38,"column":3}},"4":{"start":{"line":9,"column":21},"end":{"line":9,"column":29}},"5":{"start":{"line":10,"column":4},"end":{"line":12,"column":5}},"6":{"start":{"line":11,"column":6},"end":{"line":11,"column":67}},"7":{"start":{"line":15,"column":18},"end":{"line":15,"column":77}},"8":{"start":{"line":17,"column":19},"end":{"line":26,"column":4}},"9":{"start":{"line":28,"column":19},"end":{"line":28,"column":54}},"10":{"start":{"line":29,"column":24},"end":{"line":29,"column":69}},"11":{"start":{"line":31,"column":4},"end":{"line":31,"column":37}},"12":{"start":{"line":33,"column":4},"end":{"line":33,"column":50}},"13":{"start":{"line":34,"column":4},"end":{"line":37,"column":7}}},"fnMap":{"0":{"name":"(anonymous_0)","decl":{"start":{"line":7,"column":34},"end":{"line":7,"column":35}},"loc":{"start":{"line":7,"column":54},"end":{"line":39,"column":1}},"line":7}},"branchMap":{"0":{"loc":{"start":{"line":10,"column":4},"end":{"line":12,"column":5}},"type":"if","locations":[{"start":{"line":10,"column":4},"end":{"line":12,"column":5}},{"start":{},"end":{}}],"line":10},"1":{"loc":{"start":{"line":10,"column":8},"end":{"line":10,"column":29}},"type":"binary-expr","locations":[{"start":{"line":10,"column":8},"end":{"line":10,"column":13}},{"start":{"line":10,"column":17},"end":{"line":10,"column":29}}],"line":10},"2":{"loc":{"start":{"line":29,"column":24},"end":{"line":29,"column":69}},"type":"binary-expr","locations":[{"start":{"line":29,"column":24},"end":{"line":29,"column":54}},{"start":{"line":29,"column":58},"end":{"line":29,"column":69}}],"line":29},"3":{"loc":{"start":{"line":36,"column":13},"end":{"line":36,"column":36}},"type":"binary-expr","locations":[{"start":{"line":36,"column":13},"end":{"line":36,"column":27}},{"start":{"line":36,"column":31},"end":{"line":36,"column":36}}],"line":36}},"s":{"0":0,"1":0,"2":0,"3":0,"4":0,"5":0,"6":0,"7":0,"8":0,"9":0,"10":0,"11":0,"12":0,"13":0},"f":{"0":0},"b":{"0":[0,0],"1":[0,0],"2":[0,0],"3":[0,0]}}
,"C:\\Users\\extcacd\\Desktop\\Capstone\\reimbursement-backend\\src\\controllers\\reimbursementController.js": {"path":"C:\\Users\\extcacd\\Desktop\\Capstone\\reimbursement-backend\\src\\controllers\\reimbursementController.js","statementMap":{"0":{"start":{"line":12,"column":2},"end":{"line":172,"column":3}},"1":{"start":{"line":13,"column":4},"end":{"line":15,"column":5}},"2":{"start":{"line":14,"column":6},"end":{"line":14,"column":66}},"3":{"start":{"line":17,"column":17},"end":{"line":17,"column":25}},"4":{"start":{"line":18,"column":20},"end":{"line":18,"column":28}},"5":{"start":{"line":20,"column":4},"end":{"line":20,"column":77}},"6":{"start":{"line":21,"column":4},"end":{"line":21,"column":73}},"7":{"start":{"line":24,"column":4},"end":{"line":26,"column":5}},"8":{"start":{"line":25,"column":6},"end":{"line":25,"column":69}},"9":{"start":{"line":29,"column":4},"end":{"line":34,"column":5}},"10":{"start":{"line":30,"column":6},"end":{"line":33,"column":9}},"11":{"start":{"line":37,"column":25},"end":{"line":37,"column":51}},"12":{"start":{"line":39,"column":4},"end":{"line":44,"column":5}},"13":{"start":{"line":40,"column":6},"end":{"line":43,"column":9}},"14":{"start":{"line":46,"column":4},"end":{"line":46,"column":51}},"15":{"start":{"line":49,"column":21},"end":{"line":49,"column":41}},"16":{"start":{"line":52,"column":30},"end":{"line":52,"column":45}},"17":{"start":{"line":53,"column":26},"end":{"line":53,"column":94}},"18":{"start":{"line":55,"column":4},"end":{"line":60,"column":5}},"19":{"start":{"line":56,"column":6},"end":{"line":59,"column":9}},"20":{"start":{"line":62,"column":4},"end":{"line":62,"column":82}},"21":{"start":{"line":65,"column":22},"end":{"line":65,"column":26}},"22":{"start":{"line":66,"column":26},"end":{"line":66,"column":30}},"23":{"start":{"line":67,"column":26},"end":{"line":67,"column":30}},"24":{"start":{"line":69,"column":4},"end":{"line":74,"column":5}},"25":{"start":{"line":70,"column":6},"end":{"line":70,"column":52}},"26":{"start":{"line":71,"column":6},"end":{"line":71,"column":42}},"27":{"start":{"line":72,"column":6},"end":{"line":72,"column":46}},"28":{"start":{"line":73,"column":6},"end":{"line":73,"column":112}},"29":{"start":{"line":77,"column":24},"end":{"line":77,"column":28}},"30":{"start":{"line":78,"column":4},"end":{"line":91,"column":5}},"31":{"start":{"line":80,"column":22},"end":{"line":80,"column":45}},"32":{"start":{"line":81,"column":6},"end":{"line":89,"column":7}},"33":{"start":{"line":82,"column":8},"end":{"line":82,"column":32}},"34":{"start":{"line":85,"column":27},"end":{"line":85,"column":44}},"35":{"start":{"line":86,"column":8},"end":{"line":88,"column":9}},"36":{"start":{"line":87,"column":10},"end":{"line":87,"column":65}},"37":{"start":{"line":90,"column":6},"end":{"line":90,"column":63}},"38":{"start":{"line":94,"column":26},"end":{"line":110,"column":6}},"39":{"start":{"line":112,"column":4},"end":{"line":112,"column":63}},"40":{"start":{"line":115,"column":28},"end":{"line":115,"column":30}},"41":{"start":{"line":117,"column":4},"end":{"line":130,"column":5}},"42":{"start":{"line":117,"column":17},"end":{"line":117,"column":18}},"43":{"start":{"line":118,"column":27},"end":{"line":118,"column":42}},"44":{"start":{"line":119,"column":32},"end":{"line":119,"column":95}},"45":{"start":{"line":121,"column":6},"end":{"line":129,"column":9}},"46":{"start":{"line":132,"column":4},"end":{"line":132,"column":47}},"47":{"start":{"line":133,"column":4},"end":{"line":133,"column":72}},"48":{"start":{"line":136,"column":4},"end":{"line":166,"column":5}},"49":{"start":{"line":137,"column":6},"end":{"line":165,"column":7}},"50":{"start":{"line":138,"column":26},"end":{"line":153,"column":9}},"51":{"start":{"line":155,"column":8},"end":{"line":159,"column":10}},"52":{"start":{"line":161,"column":8},"end":{"line":161,"column":111}},"53":{"start":{"line":163,"column":8},"end":{"line":163,"column":85}},"54":{"start":{"line":168,"column":4},"end":{"line":168,"column":32}},"55":{"start":{"line":170,"column":4},"end":{"line":170,"column":58}},"56":{"start":{"line":171,"column":4},"end":{"line":171,"column":74}},"57":{"start":{"line":179,"column":2},"end":{"line":252,"column":3}},"58":{"start":{"line":180,"column":17},"end":{"line":180,"column":25}},"59":{"start":{"line":181,"column":4},"end":{"line":183,"column":5}},"60":{"start":{"line":182,"column":6},"end":{"line":182,"column":71}},"61":{"start":{"line":185,"column":4},"end":{"line":185,"column":67}},"62":{"start":{"line":187,"column":27},"end":{"line":209,"column":6}},"63":{"start":{"line":211,"column":4},"end":{"line":211,"column":67}},"64":{"start":{"line":213,"column":36},"end":{"line":246,"column":7}},"65":{"start":{"line":213,"column":63},"end":{"line":246,"column":5}},"66":{"start":{"line":248,"column":4},"end":{"line":248,"column":38}},"67":{"start":{"line":250,"column":4},"end":{"line":250,"column":59}},"68":{"start":{"line":251,"column":4},"end":{"line":251,"column":70}},"69":{"start":{"line":260,"column":2},"end":{"line":351,"column":3}},"70":{"start":{"line":261,"column":17},"end":{"line":261,"column":25}},"71":{"start":{"line":262,"column":4},"end":{"line":264,"column":5}},"72":{"start":{"line":263,"column":6},"end":{"line":263,"column":71}},"73":{"start":{"line":266,"column":4},"end":{"line":266,"column":62}},"74":{"start":{"line":269,"column":30},"end":{"line":289,"column":6}},"75":{"start":{"line":292,"column":33},"end":{"line":294,"column":6}},"76":{"start":{"line":293,"column":6},"end":{"line":293,"column":66}},"77":{"start":{"line":293,"column":35},"end":{"line":293,"column":64}},"78":{"start":{"line":297,"column":4},"end":{"line":309,"column":5}},"79":{"start":{"line":298,"column":27},"end":{"line":298,"column":77}},"80":{"start":{"line":300,"column":6},"end":{"line":303,"column":7}},"81":{"start":{"line":301,"column":8},"end":{"line":301,"column":57}},"82":{"start":{"line":302,"column":8},"end":{"line":302,"column":28}},"83":{"start":{"line":305,"column":6},"end":{"line":307,"column":8}},"84":{"start":{"line":306,"column":8},"end":{"line":306,"column":41}},"85":{"start":{"line":308,"column":6},"end":{"line":308,"column":62}},"86":{"start":{"line":311,"column":4},"end":{"line":311,"column":98}},"87":{"start":{"line":313,"column":22},"end":{"line":345,"column":7}},"88":{"start":{"line":313,"column":57},"end":{"line":345,"column":5}},"89":{"start":{"line":347,"column":4},"end":{"line":347,"column":24}},"90":{"start":{"line":349,"column":4},"end":{"line":349,"column":62}},"91":{"start":{"line":350,"column":4},"end":{"line":350,"column":73}},"92":{"start":{"line":355,"column":2},"end":{"line":449,"column":3}},"93":{"start":{"line":356,"column":17},"end":{"line":356,"column":25}},"94":{"start":{"line":357,"column":4},"end":{"line":359,"column":5}},"95":{"start":{"line":358,"column":6},"end":{"line":358,"column":71}},"96":{"start":{"line":361,"column":4},"end":{"line":361,"column":70}},"97":{"start":{"line":363,"column":24},"end":{"line":366,"column":5}},"98":{"start":{"line":369,"column":4},"end":{"line":381,"column":5}},"99":{"start":{"line":370,"column":6},"end":{"line":372,"column":8}},"100":{"start":{"line":376,"column":27},"end":{"line":376,"column":77}},"101":{"start":{"line":377,"column":6},"end":{"line":380,"column":7}},"102":{"start":{"line":378,"column":8},"end":{"line":378,"column":44}},"103":{"start":{"line":379,"column":8},"end":{"line":379,"column":64}},"104":{"start":{"line":383,"column":27},"end":{"line":404,"column":6}},"105":{"start":{"line":406,"column":4},"end":{"line":406,"column":70}},"106":{"start":{"line":408,"column":22},"end":{"line":443,"column":7}},"107":{"start":{"line":408,"column":49},"end":{"line":443,"column":5}},"108":{"start":{"line":445,"column":4},"end":{"line":445,"column":24}},"109":{"start":{"line":447,"column":4},"end":{"line":447,"column":62}},"110":{"start":{"line":448,"column":4},"end":{"line":448,"column":73}},"111":{"start":{"line":456,"column":2},"end":{"line":645,"column":3}},"112":{"start":{"line":457,"column":17},"end":{"line":457,"column":25}},"113":{"start":{"line":458,"column":4},"end":{"line":460,"column":5}},"114":{"start":{"line":459,"column":6},"end":{"line":459,"column":71}},"115":{"start":{"line":462,"column":28},"end":{"line":462,"column":41}},"116":{"start":{"line":463,"column":32},"end":{"line":463,"column":40}},"117":{"start":{"line":465,"column":4},"end":{"line":465,"column":113}},"118":{"start":{"line":467,"column":26},"end":{"line":487,"column":6}},"119":{"start":{"line":489,"column":4},"end":{"line":491,"column":5}},"120":{"start":{"line":490,"column":6},"end":{"line":490,"column":72}},"121":{"start":{"line":493,"column":4},"end":{"line":499,"column":5}},"122":{"start":{"line":494,"column":6},"end":{"line":498,"column":9}},"123":{"start":{"line":501,"column":4},"end":{"line":511,"column":5}},"124":{"start":{"line":502,"column":27},"end":{"line":502,"column":77}},"125":{"start":{"line":504,"column":6},"end":{"line":510,"column":7}},"126":{"start":{"line":505,"column":8},"end":{"line":509,"column":11}},"127":{"start":{"line":513,"column":28},"end":{"line":515,"column":5}},"128":{"start":{"line":514,"column":13},"end":{"line":514,"column":68}},"129":{"start":{"line":517,"column":4},"end":{"line":521,"column":5}},"130":{"start":{"line":518,"column":6},"end":{"line":520,"column":9}},"131":{"start":{"line":523,"column":4},"end":{"line":561,"column":5}},"132":{"start":{"line":524,"column":6},"end":{"line":529,"column":9}},"133":{"start":{"line":531,"column":6},"end":{"line":534,"column":9}},"134":{"start":{"line":536,"column":6},"end":{"line":536,"column":82}},"135":{"start":{"line":538,"column":6},"end":{"line":560,"column":9}},"136":{"start":{"line":563,"column":4},"end":{"line":635,"column":5}},"137":{"start":{"line":564,"column":6},"end":{"line":569,"column":9}},"138":{"start":{"line":571,"column":6},"end":{"line":571,"column":98}},"139":{"start":{"line":573,"column":27},"end":{"line":575,"column":7}},"140":{"start":{"line":574,"column":15},"end":{"line":574,"column":70}},"141":{"start":{"line":577,"column":6},"end":{"line":610,"column":7}},"142":{"start":{"line":578,"column":25},"end":{"line":578,"column":45}},"143":{"start":{"line":579,"column":29},"end":{"line":583,"column":9}},"144":{"start":{"line":585,"column":8},"end":{"line":601,"column":9}},"145":{"start":{"line":586,"column":10},"end":{"line":590,"column":11}},"146":{"start":{"line":587,"column":12},"end":{"line":589,"column":15}},"147":{"start":{"line":592,"column":10},"end":{"line":594,"column":13}},"148":{"start":{"line":596,"column":10},"end":{"line":596,"column":106}},"149":{"start":{"line":598,"column":10},"end":{"line":600,"column":13}},"150":{"start":{"line":603,"column":8},"end":{"line":607,"column":11}},"151":{"start":{"line":609,"column":8},"end":{"line":609,"column":75}},"152":{"start":{"line":612,"column":6},"end":{"line":634,"column":9}},"153":{"start":{"line":637,"column":4},"end":{"line":640,"column":7}},"154":{"start":{"line":643,"column":4},"end":{"line":643,"column":65}},"155":{"start":{"line":644,"column":4},"end":{"line":644,"column":74}}},"fnMap":{"0":{"name":"createReimbursement","decl":{"start":{"line":11,"column":22},"end":{"line":11,"column":41}},"loc":{"start":{"line":11,"column":52},"end":{"line":173,"column":1}},"line":11},"1":{"name":"getUserReimbursements","decl":{"start":{"line":178,"column":22},"end":{"line":178,"column":43}},"loc":{"start":{"line":178,"column":54},"end":{"line":253,"column":1}},"line":178},"2":{"name":"(anonymous_2)","decl":{"start":{"line":213,"column":55},"end":{"line":213,"column":56}},"loc":{"start":{"line":213,"column":63},"end":{"line":246,"column":5}},"line":213},"3":{"name":"getPendingApprovals","decl":{"start":{"line":259,"column":22},"end":{"line":259,"column":41}},"loc":{"start":{"line":259,"column":52},"end":{"line":352,"column":1}},"line":259},"4":{"name":"(anonymous_4)","decl":{"start":{"line":292,"column":58},"end":{"line":292,"column":59}},"loc":{"start":{"line":292,"column":63},"end":{"line":294,"column":5}},"line":292},"5":{"name":"(anonymous_5)","decl":{"start":{"line":293,"column":30},"end":{"line":293,"column":31}},"loc":{"start":{"line":293,"column":35},"end":{"line":293,"column":64}},"line":293},"6":{"name":"(anonymous_6)","decl":{"start":{"line":305,"column":61},"end":{"line":305,"column":62}},"loc":{"start":{"line":306,"column":8},"end":{"line":306,"column":41}},"line":306},"7":{"name":"(anonymous_7)","decl":{"start":{"line":313,"column":49},"end":{"line":313,"column":50}},"loc":{"start":{"line":313,"column":57},"end":{"line":345,"column":5}},"line":313},"8":{"name":"getPendingAllApprovals","decl":{"start":{"line":354,"column":22},"end":{"line":354,"column":44}},"loc":{"start":{"line":354,"column":55},"end":{"line":450,"column":1}},"line":354},"9":{"name":"(anonymous_9)","decl":{"start":{"line":408,"column":41},"end":{"line":408,"column":42}},"loc":{"start":{"line":408,"column":49},"end":{"line":443,"column":5}},"line":408},"10":{"name":"updateReimbursementStatus","decl":{"start":{"line":455,"column":22},"end":{"line":455,"column":47}},"loc":{"start":{"line":455,"column":58},"end":{"line":646,"column":1}},"line":455},"11":{"name":"(anonymous_11)","decl":{"start":{"line":514,"column":6},"end":{"line":514,"column":7}},"loc":{"start":{"line":514,"column":13},"end":{"line":514,"column":68}},"line":514},"12":{"name":"(anonymous_12)","decl":{"start":{"line":574,"column":8},"end":{"line":574,"column":9}},"loc":{"start":{"line":574,"column":15},"end":{"line":574,"column":70}},"line":574}},"branchMap":{"0":{"loc":{"start":{"line":13,"column":4},"end":{"line":15,"column":5}},"type":"if","locations":[{"start":{"line":13,"column":4},"end":{"line":15,"column":5}},{"start":{},"end":{}}],"line":13},"1":{"loc":{"start":{"line":24,"column":4},"end":{"line":26,"column":5}},"type":"if","locations":[{"start":{"line":24,"column":4},"end":{"line":26,"column":5}},{"start":{},"end":{}}],"line":24},"2":{"loc":{"start":{"line":29,"column":4},"end":{"line":34,"column":5}},"type":"if","locations":[{"start":{"line":29,"column":4},"end":{"line":34,"column":5}},{"start":{},"end":{}}],"line":29},"3":{"loc":{"start":{"line":29,"column":8},"end":{"line":29,"column":84}},"type":"binary-expr","locations":[{"start":{"line":29,"column":8},"end":{"line":29,"column":44}},{"start":{"line":29,"column":48},"end":{"line":29,"column":84}}],"line":29},"4":{"loc":{"start":{"line":39,"column":4},"end":{"line":44,"column":5}},"type":"if","locations":[{"start":{"line":39,"column":4},"end":{"line":44,"column":5}},{"start":{},"end":{}}],"line":39},"5":{"loc":{"start":{"line":39,"column":8},"end":{"line":39,"column":50}},"type":"binary-expr","locations":[{"start":{"line":39,"column":8},"end":{"line":39,"column":21}},{"start":{"line":39,"column":25},"end":{"line":39,"column":50}}],"line":39},"6":{"loc":{"start":{"line":55,"column":4},"end":{"line":60,"column":5}},"type":"if","locations":[{"start":{"line":55,"column":4},"end":{"line":60,"column":5}},{"start":{},"end":{}}],"line":55},"7":{"loc":{"start":{"line":69,"column":4},"end":{"line":74,"column":5}},"type":"if","locations":[{"start":{"line":69,"column":4},"end":{"line":74,"column":5}},{"start":{},"end":{}}],"line":69},"8":{"loc":{"start":{"line":78,"column":4},"end":{"line":91,"column":5}},"type":"if","locations":[{"start":{"line":78,"column":4},"end":{"line":91,"column":5}},{"start":{},"end":{}}],"line":78},"9":{"loc":{"start":{"line":81,"column":6},"end":{"line":89,"column":7}},"type":"if","locations":[{"start":{"line":81,"column":6},"end":{"line":89,"column":7}},{"start":{"line":83,"column":13},"end":{"line":89,"column":7}}],"line":81},"10":{"loc":{"start":{"line":86,"column":8},"end":{"line":88,"column":9}},"type":"if","locations":[{"start":{"line":86,"column":8},"end":{"line":88,"column":9}},{"start":{},"end":{}}],"line":86},"11":{"loc":{"start":{"line":97,"column":12},"end":{"line":97,"column":64}},"type":"binary-expr","locations":[{"start":{"line":97,"column":12},"end":{"line":97,"column":24}},{"start":{"line":97,"column":28},"end":{"line":97,"column":44}},{"start":{"line":97,"column":48},"end":{"line":97,"column":64}}],"line":97},"12":{"loc":{"start":{"line":123,"column":21},"end":{"line":123,"column":68}},"type":"cond-expr","locations":[{"start":{"line":123,"column":41},"end":{"line":123,"column":61}},{"start":{"line":123,"column":64},"end":{"line":123,"column":68}}],"line":123},"13":{"loc":{"start":{"line":136,"column":4},"end":{"line":166,"column":5}},"type":"if","locations":[{"start":{"line":136,"column":4},"end":{"line":166,"column":5}},{"start":{},"end":{}}],"line":136},"14":{"loc":{"start":{"line":181,"column":4},"end":{"line":183,"column":5}},"type":"if","locations":[{"start":{"line":181,"column":4},"end":{"line":183,"column":5}},{"start":{},"end":{}}],"line":181},"15":{"loc":{"start":{"line":216,"column":12},"end":{"line":224,"column":14}},"type":"cond-expr","locations":[{"start":{"line":217,"column":10},"end":{"line":223,"column":11}},{"start":{"line":224,"column":10},"end":{"line":224,"column":14}}],"line":216},"16":{"loc":{"start":{"line":232,"column":12},"end":{"line":232,"column":94}},"type":"cond-expr","locations":[{"start":{"line":232,"column":32},"end":{"line":232,"column":87}},{"start":{"line":232,"column":90},"end":{"line":232,"column":94}}],"line":232},"17":{"loc":{"start":{"line":233,"column":15},"end":{"line":239,"column":14}},"type":"cond-expr","locations":[{"start":{"line":234,"column":10},"end":{"line":238,"column":11}},{"start":{"line":239,"column":10},"end":{"line":239,"column":14}}],"line":233},"18":{"loc":{"start":{"line":240,"column":19},"end":{"line":240,"column":71}},"type":"cond-expr","locations":[{"start":{"line":240,"column":36},"end":{"line":240,"column":64}},{"start":{"line":240,"column":67},"end":{"line":240,"column":71}}],"line":240},"19":{"loc":{"start":{"line":241,"column":18},"end":{"line":241,"column":68}},"type":"cond-expr","locations":[{"start":{"line":241,"column":34},"end":{"line":241,"column":61}},{"start":{"line":241,"column":64},"end":{"line":241,"column":68}}],"line":241},"20":{"loc":{"start":{"line":245,"column":17},"end":{"line":245,"column":34}},"type":"binary-expr","locations":[{"start":{"line":245,"column":17},"end":{"line":245,"column":28}},{"start":{"line":245,"column":32},"end":{"line":245,"column":34}}],"line":245},"21":{"loc":{"start":{"line":262,"column":4},"end":{"line":264,"column":5}},"type":"if","locations":[{"start":{"line":262,"column":4},"end":{"line":264,"column":5}},{"start":{},"end":{}}],"line":262},"22":{"loc":{"start":{"line":297,"column":4},"end":{"line":309,"column":5}},"type":"if","locations":[{"start":{"line":297,"column":4},"end":{"line":309,"column":5}},{"start":{},"end":{}}],"line":297},"23":{"loc":{"start":{"line":300,"column":6},"end":{"line":303,"column":7}},"type":"if","locations":[{"start":{"line":300,"column":6},"end":{"line":303,"column":7}},{"start":{},"end":{}}],"line":300},"24":{"loc":{"start":{"line":316,"column":12},"end":{"line":324,"column":14}},"type":"cond-expr","locations":[{"start":{"line":317,"column":10},"end":{"line":323,"column":11}},{"start":{"line":324,"column":10},"end":{"line":324,"column":14}}],"line":316},"25":{"loc":{"start":{"line":332,"column":12},"end":{"line":332,"column":94}},"type":"cond-expr","locations":[{"start":{"line":332,"column":32},"end":{"line":332,"column":87}},{"start":{"line":332,"column":90},"end":{"line":332,"column":94}}],"line":332},"26":{"loc":{"start":{"line":333,"column":15},"end":{"line":339,"column":14}},"type":"cond-expr","locations":[{"start":{"line":334,"column":10},"end":{"line":338,"column":11}},{"start":{"line":339,"column":10},"end":{"line":339,"column":14}}],"line":333},"27":{"loc":{"start":{"line":340,"column":19},"end":{"line":340,"column":71}},"type":"cond-expr","locations":[{"start":{"line":340,"column":36},"end":{"line":340,"column":64}},{"start":{"line":340,"column":67},"end":{"line":340,"column":71}}],"line":340},"28":{"loc":{"start":{"line":344,"column":17},"end":{"line":344,"column":34}},"type":"binary-expr","locations":[{"start":{"line":344,"column":17},"end":{"line":344,"column":28}},{"start":{"line":344,"column":32},"end":{"line":344,"column":34}}],"line":344},"29":{"loc":{"start":{"line":357,"column":4},"end":{"line":359,"column":5}},"type":"if","locations":[{"start":{"line":357,"column":4},"end":{"line":359,"column":5}},{"start":{},"end":{}}],"line":357},"30":{"loc":{"start":{"line":369,"column":4},"end":{"line":381,"column":5}},"type":"if","locations":[{"start":{"line":369,"column":4},"end":{"line":381,"column":5}},{"start":{"line":374,"column":11},"end":{"line":381,"column":5}}],"line":369},"31":{"loc":{"start":{"line":377,"column":6},"end":{"line":380,"column":7}},"type":"if","locations":[{"start":{"line":377,"column":6},"end":{"line":380,"column":7}},{"start":{},"end":{}}],"line":377},"32":{"loc":{"start":{"line":411,"column":12},"end":{"line":419,"column":14}},"type":"cond-expr","locations":[{"start":{"line":412,"column":10},"end":{"line":418,"column":11}},{"start":{"line":419,"column":10},"end":{"line":419,"column":14}}],"line":411},"33":{"loc":{"start":{"line":428,"column":12},"end":{"line":430,"column":14}},"type":"cond-expr","locations":[{"start":{"line":429,"column":10},"end":{"line":429,"column":65}},{"start":{"line":430,"column":10},"end":{"line":430,"column":14}}],"line":428},"34":{"loc":{"start":{"line":431,"column":15},"end":{"line":437,"column":14}},"type":"cond-expr","locations":[{"start":{"line":432,"column":10},"end":{"line":436,"column":11}},{"start":{"line":437,"column":10},"end":{"line":437,"column":14}}],"line":431},"35":{"loc":{"start":{"line":438,"column":19},"end":{"line":438,"column":71}},"type":"cond-expr","locations":[{"start":{"line":438,"column":36},"end":{"line":438,"column":64}},{"start":{"line":438,"column":67},"end":{"line":438,"column":71}}],"line":438},"36":{"loc":{"start":{"line":442,"column":17},"end":{"line":442,"column":34}},"type":"binary-expr","locations":[{"start":{"line":442,"column":17},"end":{"line":442,"column":28}},{"start":{"line":442,"column":32},"end":{"line":442,"column":34}}],"line":442},"37":{"loc":{"start":{"line":458,"column":4},"end":{"line":460,"column":5}},"type":"if","locations":[{"start":{"line":458,"column":4},"end":{"line":460,"column":5}},{"start":{},"end":{}}],"line":458},"38":{"loc":{"start":{"line":489,"column":4},"end":{"line":491,"column":5}},"type":"if","locations":[{"start":{"line":489,"column":4},"end":{"line":491,"column":5}},{"start":{},"end":{}}],"line":489},"39":{"loc":{"start":{"line":493,"column":4},"end":{"line":499,"column":5}},"type":"if","locations":[{"start":{"line":493,"column":4},"end":{"line":499,"column":5}},{"start":{},"end":{}}],"line":493},"40":{"loc":{"start":{"line":501,"column":4},"end":{"line":511,"column":5}},"type":"if","locations":[{"start":{"line":501,"column":4},"end":{"line":511,"column":5}},{"start":{},"end":{}}],"line":501},"41":{"loc":{"start":{"line":504,"column":6},"end":{"line":510,"column":7}},"type":"if","locations":[{"start":{"line":504,"column":6},"end":{"line":510,"column":7}},{"start":{},"end":{}}],"line":504},"42":{"loc":{"start":{"line":514,"column":13},"end":{"line":514,"column":68}},"type":"binary-expr","locations":[{"start":{"line":514,"column":13},"end":{"line":514,"column":42}},{"start":{"line":514,"column":46},"end":{"line":514,"column":68}}],"line":514},"43":{"loc":{"start":{"line":517,"column":4},"end":{"line":521,"column":5}},"type":"if","locations":[{"start":{"line":517,"column":4},"end":{"line":521,"column":5}},{"start":{},"end":{}}],"line":517},"44":{"loc":{"start":{"line":523,"column":4},"end":{"line":561,"column":5}},"type":"if","locations":[{"start":{"line":523,"column":4},"end":{"line":561,"column":5}},{"start":{},"end":{}}],"line":523},"45":{"loc":{"start":{"line":527,"column":17},"end":{"line":527,"column":38}},"type":"binary-expr","locations":[{"start":{"line":527,"column":17},"end":{"line":527,"column":24}},{"start":{"line":527,"column":28},"end":{"line":527,"column":38}}],"line":527},"46":{"loc":{"start":{"line":563,"column":4},"end":{"line":635,"column":5}},"type":"if","locations":[{"start":{"line":563,"column":4},"end":{"line":635,"column":5}},{"start":{},"end":{}}],"line":563},"47":{"loc":{"start":{"line":567,"column":17},"end":{"line":567,"column":38}},"type":"binary-expr","locations":[{"start":{"line":567,"column":17},"end":{"line":567,"column":24}},{"start":{"line":567,"column":28},"end":{"line":567,"column":38}}],"line":567},"48":{"loc":{"start":{"line":577,"column":6},"end":{"line":610,"column":7}},"type":"if","locations":[{"start":{"line":577,"column":6},"end":{"line":610,"column":7}},{"start":{"line":602,"column":13},"end":{"line":610,"column":7}}],"line":577},"49":{"loc":{"start":{"line":585,"column":8},"end":{"line":601,"column":9}},"type":"if","locations":[{"start":{"line":585,"column":8},"end":{"line":601,"column":9}},{"start":{"line":597,"column":15},"end":{"line":601,"column":9}}],"line":585},"50":{"loc":{"start":{"line":586,"column":10},"end":{"line":590,"column":11}},"type":"if","locations":[{"start":{"line":586,"column":10},"end":{"line":590,"column":11}},{"start":{},"end":{}}],"line":586},"51":{"loc":{"start":{"line":613,"column":17},"end":{"line":613,"column":108}},"type":"cond-expr","locations":[{"start":{"line":613,"column":32},"end":{"line":613,"column":75}},{"start":{"line":613,"column":78},"end":{"line":613,"column":108}}],"line":613}},"s":{"0":0,"1":0,"2":0,"3":0,"4":0,"5":0,"6":0,"7":0,"8":0,"9":0,"10":0,"11":0,"12":0,"13":0,"14":0,"15":0,"16":0,"17":0,"18":0,"19":0,"20":0,"21":0,"22":0,"23":0,"24":0,"25":0,"26":0,"27":0,"28":0,"29":0,"30":0,"31":0,"32":0,"33":0,"34":0,"35":0,"36":0,"37":0,"38":0,"39":0,"40":0,"41":0,"42":0,"43":0,"44":0,"45":0,"46":0,"47":0,"48":0,"49":0,"50":0,"51":0,"52":0,"53":0,"54":0,"55":0,"56":0,"57":0,"58":0,"59":0,"60":0,"61":0,"62":0,"63":0,"64":0,"65":0,"66":0,"67":0,"68":0,"69":0,"70":0,"71":0,"72":0,"73":0,"74":0,"75":0,"76":0,"77":0,"78":0,"79":0,"80":0,"81":0,"82":0,"83":0,"84":0,"85":0,"86":0,"87":0,"88":0,"89":0,"90":0,"91":0,"92":0,"93":0,"94":0,"95":0,"96":0,"97":0,"98":0,"99":0,"100":0,"101":0,"102":0,"103":0,"104":0,"105":0,"106":0,"107":0,"108":0,"109":0,"110":0,"111":0,"112":0,"113":0,"114":0,"115":0,"116":0,"117":0,"118":0,"119":0,"120":0,"121":0,"122":0,"123":0,"124":0,"125":0,"126":0,"127":0,"128":0,"129":0,"130":0,"131":0,"132":0,"133":0,"134":0,"135":0,"136":0,"137":0,"138":0,"139":0,"140":0,"141":0,"142":0,"143":0,"144":0,"145":0,"146":0,"147":0,"148":0,"149":0,"150":0,"151":0,"152":0,"153":0,"154":0,"155":0},"f":{"0":0,"1":0,"2":0,"3":0,"4":0,"5":0,"6":0,"7":0,"8":0,"9":0,"10":0,"11":0,"12":0},"b":{"0":[0,0],"1":[0,0],"2":[0,0],"3":[0,0],"4":[0,0],"5":[0,0],"6":[0,0],"7":[0,0],"8":[0,0],"9":[0,0],"10":[0,0],"11":[0,0,0],"12":[0,0],"13":[0,0],"14":[0,0],"15":[0,0],"16":[0,0],"17":[0,0],"18":[0,0],"19":[0,0],"20":[0,0],"21":[0,0],"22":[0,0],"23":[0,0],"24":[0,0],"25":[0,0],"26":[0,0],"27":[0,0],"28":[0,0],"29":[0,0],"30":[0,0],"31":[0,0],"32":[0,0],"33":[0,0],"34":[0,0],"35":[0,0],"36":[0,0],"37":[0,0],"38":[0,0],"39":[0,0],"40":[0,0],"41":[0,0],"42":[0,0],"43":[0,0],"44":[0,0],"45":[0,0],"46":[0,0],"47":[0,0],"48":[0,0],"49":[0,0],"50":[0,0],"51":[0,0]}}
,"C:\\Users\\extcacd\\Desktop\\Capstone\\reimbursement-backend\\src\\controllers\\reportController.js": {"path":"C:\\Users\\extcacd\\Desktop\\Capstone\\reimbursement-backend\\src\\controllers\\reportController.js","statementMap":{"0":{"start":{"line":10,"column":2},"end":{"line":214,"column":3}},"1":{"start":{"line":11,"column":17},"end":{"line":11,"column":25}},"2":{"start":{"line":12,"column":4},"end":{"line":14,"column":5}},"3":{"start":{"line":13,"column":6},"end":{"line":13,"column":71}},"4":{"start":{"line":25,"column":8},"end":{"line":25,"column":17}},"5":{"start":{"line":27,"column":4},"end":{"line":35,"column":7}},"6":{"start":{"line":38,"column":24},"end":{"line":38,"column":26}},"7":{"start":{"line":40,"column":4},"end":{"line":45,"column":5}},"8":{"start":{"line":41,"column":6},"end":{"line":44,"column":8}},"9":{"start":{"line":47,"column":4},"end":{"line":54,"column":5}},"10":{"start":{"line":48,"column":26},"end":{"line":48,"column":43}},"11":{"start":{"line":49,"column":6},"end":{"line":49,"column":44}},"12":{"start":{"line":50,"column":6},"end":{"line":53,"column":8}},"13":{"start":{"line":56,"column":4},"end":{"line":58,"column":5}},"14":{"start":{"line":57,"column":6},"end":{"line":57,"column":34}},"15":{"start":{"line":60,"column":4},"end":{"line":62,"column":5}},"16":{"start":{"line":61,"column":6},"end":{"line":61,"column":38}},"17":{"start":{"line":64,"column":4},"end":{"line":66,"column":5}},"18":{"start":{"line":65,"column":6},"end":{"line":65,"column":37}},"19":{"start":{"line":68,"column":4},"end":{"line":70,"column":5}},"20":{"start":{"line":69,"column":6},"end":{"line":69,"column":35}},"21":{"start":{"line":73,"column":4},"end":{"line":81,"column":5}},"22":{"start":{"line":74,"column":6},"end":{"line":74,"column":36}},"23":{"start":{"line":75,"column":11},"end":{"line":81,"column":5}},"24":{"start":{"line":77,"column":27},"end":{"line":77,"column":77}},"25":{"start":{"line":78,"column":6},"end":{"line":80,"column":7}},"26":{"start":{"line":79,"column":8},"end":{"line":79,"column":44}},"27":{"start":{"line":85,"column":27},"end":{"line":96,"column":6}},"28":{"start":{"line":98,"column":4},"end":{"line":98,"column":78}},"29":{"start":{"line":101,"column":23},"end":{"line":185,"column":5}},"30":{"start":{"line":104,"column":26},"end":{"line":114,"column":10}},"31":{"start":{"line":117,"column":31},"end":{"line":117,"column":47}},"32":{"start":{"line":118,"column":30},"end":{"line":118,"column":83}},"33":{"start":{"line":118,"column":52},"end":{"line":118,"column":75}},"34":{"start":{"line":119,"column":30},"end":{"line":119,"column":83}},"35":{"start":{"line":119,"column":52},"end":{"line":119,"column":75}},"36":{"start":{"line":120,"column":29},"end":{"line":120,"column":81}},"37":{"start":{"line":120,"column":51},"end":{"line":120,"column":73}},"38":{"start":{"line":123,"column":32},"end":{"line":123,"column":75}},"39":{"start":{"line":123,"column":52},"end":{"line":123,"column":74}},"40":{"start":{"line":124,"column":36},"end":{"line":124,"column":76}},"41":{"start":{"line":127,"column":29},"end":{"line":129,"column":79}},"42":{"start":{"line":128,"column":23},"end":{"line":128,"column":45}},"43":{"start":{"line":129,"column":26},"end":{"line":129,"column":75}},"44":{"start":{"line":131,"column":29},"end":{"line":131,"column":66}},"45":{"start":{"line":132,"column":31},"end":{"line":134,"column":17}},"46":{"start":{"line":136,"column":8},"end":{"line":183,"column":10}},"47":{"start":{"line":175,"column":45},"end":{"line":182,"column":11}},"48":{"start":{"line":188,"column":4},"end":{"line":207,"column":5}},"49":{"start":{"line":189,"column":6},"end":{"line":189,"column":42}},"50":{"start":{"line":190,"column":11},"end":{"line":207,"column":5}},"51":{"start":{"line":191,"column":6},"end":{"line":191,"column":44}},"52":{"start":{"line":194,"column":6},"end":{"line":206,"column":9}},"53":{"start":{"line":209,"column":4},"end":{"line":209,"column":53}},"54":{"start":{"line":210,"column":4},"end":{"line":213,"column":7}},"55":{"start":{"line":221,"column":18},"end":{"line":243,"column":3}},"56":{"start":{"line":245,"column":18},"end":{"line":245,"column":37}},"57":{"start":{"line":247,"column":2},"end":{"line":272,"column":5}},"58":{"start":{"line":248,"column":19},"end":{"line":270,"column":5}},"59":{"start":{"line":271,"column":4},"end":{"line":271,"column":35}},"60":{"start":{"line":274,"column":14},"end":{"line":274,"column":32}},"61":{"start":{"line":276,"column":2},"end":{"line":276,"column":44}},"62":{"start":{"line":277,"column":2},"end":{"line":277,"column":102}},"63":{"start":{"line":278,"column":2},"end":{"line":278,"column":16}},"64":{"start":{"line":285,"column":2},"end":{"line":285,"column":24}},"65":{"start":{"line":285,"column":14},"end":{"line":285,"column":24}},"66":{"start":{"line":286,"column":22},"end":{"line":286,"column":35}},"67":{"start":{"line":287,"column":2},"end":{"line":289,"column":3}},"68":{"start":{"line":288,"column":4},"end":{"line":288,"column":50}},"69":{"start":{"line":290,"column":2},"end":{"line":290,"column":21}},"70":{"start":{"line":298,"column":2},"end":{"line":338,"column":3}},"71":{"start":{"line":299,"column":17},"end":{"line":299,"column":32}},"72":{"start":{"line":301,"column":22},"end":{"line":325,"column":5}},"73":{"start":{"line":302,"column":23},"end":{"line":324,"column":7}},"74":{"start":{"line":327,"column":21},"end":{"line":327,"column":42}},"75":{"start":{"line":328,"column":4},"end":{"line":328,"column":72}},"76":{"start":{"line":330,"column":24},"end":{"line":330,"column":82}},"77":{"start":{"line":332,"column":4},"end":{"line":332,"column":103}},"78":{"start":{"line":333,"column":4},"end":{"line":333,"column":105}},"79":{"start":{"line":334,"column":4},"end":{"line":334,"column":26}},"80":{"start":{"line":336,"column":4},"end":{"line":336,"column":46}},"81":{"start":{"line":337,"column":4},"end":{"line":337,"column":87}},"82":{"start":{"line":345,"column":2},"end":{"line":395,"column":3}},"83":{"start":{"line":346,"column":17},"end":{"line":346,"column":25}},"84":{"start":{"line":347,"column":4},"end":{"line":349,"column":5}},"85":{"start":{"line":348,"column":6},"end":{"line":348,"column":71}},"86":{"start":{"line":351,"column":24},"end":{"line":351,"column":26}},"87":{"start":{"line":354,"column":4},"end":{"line":361,"column":5}},"88":{"start":{"line":355,"column":6},"end":{"line":355,"column":36}},"89":{"start":{"line":356,"column":11},"end":{"line":361,"column":5}},"90":{"start":{"line":357,"column":27},"end":{"line":357,"column":77}},"91":{"start":{"line":358,"column":6},"end":{"line":360,"column":7}},"92":{"start":{"line":359,"column":8},"end":{"line":359,"column":44}},"93":{"start":{"line":364,"column":49},"end":{"line":369,"column":6}},"94":{"start":{"line":372,"column":35},"end":{"line":375,"column":6}},"95":{"start":{"line":377,"column":32},"end":{"line":380,"column":5}},"96":{"start":{"line":378,"column":18},"end":{"line":378,"column":43}},"97":{"start":{"line":382,"column":4},"end":{"line":391,"column":7}},"98":{"start":{"line":393,"column":4},"end":{"line":393,"column":54}},"99":{"start":{"line":394,"column":4},"end":{"line":394,"column":66}}},"fnMap":{"0":{"name":"exportReimbursementReport","decl":{"start":{"line":9,"column":22},"end":{"line":9,"column":47}},"loc":{"start":{"line":9,"column":58},"end":{"line":215,"column":1}},"line":9},"1":{"name":"(anonymous_1)","decl":{"start":{"line":102,"column":25},"end":{"line":102,"column":26}},"loc":{"start":{"line":102,"column":38},"end":{"line":184,"column":7}},"line":102},"2":{"name":"(anonymous_2)","decl":{"start":{"line":118,"column":47},"end":{"line":118,"column":48}},"loc":{"start":{"line":118,"column":52},"end":{"line":118,"column":75}},"line":118},"3":{"name":"(anonymous_3)","decl":{"start":{"line":119,"column":47},"end":{"line":119,"column":48}},"loc":{"start":{"line":119,"column":52},"end":{"line":119,"column":75}},"line":119},"4":{"name":"(anonymous_4)","decl":{"start":{"line":120,"column":46},"end":{"line":120,"column":47}},"loc":{"start":{"line":120,"column":51},"end":{"line":120,"column":73}},"line":120},"5":{"name":"(anonymous_5)","decl":{"start":{"line":123,"column":47},"end":{"line":123,"column":48}},"loc":{"start":{"line":123,"column":52},"end":{"line":123,"column":74}},"line":123},"6":{"name":"(anonymous_6)","decl":{"start":{"line":128,"column":18},"end":{"line":128,"column":19}},"loc":{"start":{"line":128,"column":23},"end":{"line":128,"column":45}},"line":128},"7":{"name":"(anonymous_7)","decl":{"start":{"line":129,"column":16},"end":{"line":129,"column":17}},"loc":{"start":{"line":129,"column":26},"end":{"line":129,"column":75}},"line":129},"8":{"name":"(anonymous_8)","decl":{"start":{"line":175,"column":39},"end":{"line":175,"column":40}},"loc":{"start":{"line":175,"column":45},"end":{"line":182,"column":11}},"line":175},"9":{"name":"exportAsCSV","decl":{"start":{"line":220,"column":9},"end":{"line":220,"column":20}},"loc":{"start":{"line":220,"column":32},"end":{"line":279,"column":1}},"line":220},"10":{"name":"(anonymous_10)","decl":{"start":{"line":247,"column":15},"end":{"line":247,"column":16}},"loc":{"start":{"line":247,"column":22},"end":{"line":272,"column":3}},"line":247},"11":{"name":"escapeCsvValue","decl":{"start":{"line":284,"column":9},"end":{"line":284,"column":23}},"loc":{"start":{"line":284,"column":31},"end":{"line":291,"column":1}},"line":284},"12":{"name":"exportAsExcel","decl":{"start":{"line":296,"column":9},"end":{"line":296,"column":22}},"loc":{"start":{"line":296,"column":34},"end":{"line":339,"column":1}},"line":296},"13":{"name":"(anonymous_13)","decl":{"start":{"line":302,"column":15},"end":{"line":302,"column":16}},"loc":{"start":{"line":302,"column":23},"end":{"line":324,"column":7}},"line":302},"14":{"name":"getReimbursementSummary","decl":{"start":{"line":344,"column":22},"end":{"line":344,"column":45}},"loc":{"start":{"line":344,"column":56},"end":{"line":396,"column":1}},"line":344},"15":{"name":"(anonymous_15)","decl":{"start":{"line":378,"column":6},"end":{"line":378,"column":7}},"loc":{"start":{"line":378,"column":18},"end":{"line":378,"column":43}},"line":378}},"branchMap":{"0":{"loc":{"start":{"line":12,"column":4},"end":{"line":14,"column":5}},"type":"if","locations":[{"start":{"line":12,"column":4},"end":{"line":14,"column":5}},{"start":{},"end":{}}],"line":12},"1":{"loc":{"start":{"line":24,"column":6},"end":{"line":24,"column":21}},"type":"default-arg","locations":[{"start":{"line":24,"column":15},"end":{"line":24,"column":21}}],"line":24},"2":{"loc":{"start":{"line":40,"column":4},"end":{"line":45,"column":5}},"type":"if","locations":[{"start":{"line":40,"column":4},"end":{"line":45,"column":5}},{"start":{},"end":{}}],"line":40},"3":{"loc":{"start":{"line":47,"column":4},"end":{"line":54,"column":5}},"type":"if","locations":[{"start":{"line":47,"column":4},"end":{"line":54,"column":5}},{"start":{},"end":{}}],"line":47},"4":{"loc":{"start":{"line":56,"column":4},"end":{"line":58,"column":5}},"type":"if","locations":[{"start":{"line":56,"column":4},"end":{"line":58,"column":5}},{"start":{},"end":{}}],"line":56},"5":{"loc":{"start":{"line":56,"column":8},"end":{"line":56,"column":34}},"type":"binary-expr","locations":[{"start":{"line":56,"column":8},"end":{"line":5
[...]
,"3":{"loc":{"start":{"line":31,"column":6},"end":{"line":31,"column":32}},"type":"binary-expr","locations":[{"start":{"line":31,"column":6},"end":{"line":31,"column":11}},{"start":{"line":31,"column":15},"end":{"line":31,"column":32}}],"line":31},"4":{"loc":{"start":{"line":34,"column":2},"end":{"line":34,"column":43}},"type":"if","locations":[{"start":{"line":34,"column":2},"end":{"line":34,"column":43}},{"start":{},"end":{}}],"line":34},"5":{"loc":{"start":{"line":38,"column":2},"end":{"line":38,"column":30}},"type":"if","locations":[{"start":{"line":38,"column":2},"end":{"line":38,"column":30}},{"start":{},"end":{}}],"line":38},"6":{"loc":{"start":{"line":39,"column":9},"end":{"line":39,"column":30}},"type":"binary-expr","locations":[{"start":{"line":39,"column":9},"end":{"line":39,"column":22}},{"start":{"line":39,"column":26},"end":{"line":39,"column":30}}],"line":39},"7":{"loc":{"start":{"line":59,"column":2},"end":{"line":62,"column":3}},"type":"if","locations":[{"start":{"line":59,"column":2},"end":{"line":62,"column":3}},{"start":{},"end":{}}],"line":59},"8":{"loc":{"start":{"line":61,"column":11},"end":{"line":61,"column":51}},"type":"binary-expr","locations":[{"start":{"line":61,"column":11},"end":{"line":61,"column":43}},{"start":{"line":61,"column":47},"end":{"line":61,"column":51}}],"line":61},"9":{"loc":{"start":{"line":65,"column":9},"end":{"line":68,"column":11}},"type":"binary-expr","locations":[{"start":{"line":65,"column":9},"end":{"line":68,"column":3}},{"start":{"line":68,"column":7},"end":{"line":68,"column":11}}],"line":65},"10":{"loc":{"start":{"line":66,"column":4},"end":{"line":67,"column":58}},"type":"binary-expr","locations":[{"start":{"line":66,"column":4},"end":{"line":66,"column":19}},{"start":{"line":67,"column":5},"end":{"line":67,"column":29}},{"start":{"line":67,"column":33},"end":{"line":67,"column":57}}],"line":66}},"s":{"0":0,"1":0,"2":0,"3":0,"4":0,"5":0,"6":0,"7":0,"8":0,"9":0,"10":0,"11":0,"12":0,"13":0,"14":0,"15":0,"16":0,"17":0},"f":{"0":0,"1":0,"2":0,"3":0,"4":0,"5":0},"b":{"0":[0,0],"1":[0],"2":[0,0],"3":[0,0],"4":[0,0],"5":[0,0],"6":[0,0],"7":[0,0],"8":[0,0],"9":[0,0],"10":[0,0,0]}}
,"C:\\Users\\extcacd\\Desktop\\Capstone\\reimbursement-backend\\src\\utils\\createInitialUsers.js": {"path":"C:\\Users\\extcacd\\Desktop\\Capstone\\reimbursement-backend\\src\\utils\\createInitialUsers.js","statementMap":{"0":{"start":{"line":7,"column":0},"end":{"line":34,"column":5}},"1":{"start":{"line":8,"column":2},"end":{"line":33,"column":3}},"2":{"start":{"line":9,"column":4},"end":{"line":9,"column":27}},"3":{"start":{"line":12,"column":27},"end":{"line":12,"column":64}},"4":{"start":{"line":14,"column":18},"end":{"line":18,"column":5}},"5":{"start":{"line":20,"column":4},"end":{"line":26,"column":5}},"6":{"start":{"line":21,"column":30},"end":{"line":24,"column":8}},"7":{"start":{"line":25,"column":6},"end":{"line":25,"column":47}},"8":{"start":{"line":28,"column":4},"end":{"line":28,"column":57}},"9":{"start":{"line":29,"column":4},"end":{"line":29,"column":20}},"10":{"start":{"line":31,"column":4},"end":{"line":31,"column":50}},"11":{"start":{"line":32,"column":4},"end":{"line":32,"column":20}}},"fnMap":{"0":{"name":"(anonymous_0)","decl":{"start":{"line":7,"column":1},"end":{"line":7,"column":2}},"loc":{"start":{"line":7,"column":13},"end":{"line":34,"column":1}},"line":7}},"branchMap":{},"s":{"0":0,"1":0,"2":0,"3":0,"4":0,"5":0,"6":0,"7":0,"8":0,"9":0,"10":0,"11":0},"f":{"0":0},"b":{}}
,"C:\\Users\\extcacd\\Desktop\\Capstone\\reimbursement-backend\\src\\utils\\emailTemplates.js": {"path":"C:\\Users\\extcacd\\Desktop\\Capstone\\reimbursement-backend\\src\\utils\\emailTemplates.js","statementMap":{"0":{"start":{"line":6,"column":40},"end":{"line":58,"column":1}},"1":{"start":{"line":7,"column":2},"end":{"line":57,"column":4}},"2":{"start":{"line":63,"column":37},"end":{"line":116,"column":1}},"3":{"start":{"line":64,"column":2},"end":{"line":115,"column":4}},"4":{"start":{"line":121,"column":33},"end":{"line":175,"column":1}},"5":{"start":{"line":122,"column":2},"end":{"line":174,"column":4}},"6":{"start":{"line":180,"column":47},"end":{"line":237,"column":1}},"7":{"start":{"line":181,"column":2},"end":{"line":236,"column":4}},"8":{"start":{"line":242,"column":48},"end":{"line":304,"column":1}},"9":{"start":{"line":243,"column":2},"end":{"line":303,"column":4}}},"fnMap":{"0":{"name":"(anonymous_0)","decl":{"start":{"line":6,"column":40},"end":{"line":6,"column":41}},"loc":{"start":{"line":6,"column":120},"end":{"line":58,"column":1}},"line":6},"1":{"name":"(anonymous_1)","decl":{"start":{"line":63,"column":37},"end":{"line":63,"column":38}},"loc":{"start":{"line":63,"column":84},"end":{"line":116,"column":1}},"line":63},"2":{"name":"(anonymous_2)","decl":{"start":{"line":121,"column":33},"end":{"line":121,"column":34}},"loc":{"start":{"line":121,"column":119},"end":{"line":175,"column":1}},"line":121},"3":{"name":"(anonymous_3)","decl":{"start":{"line":180,"column":47},"end":{"line":180,"column":48}},"loc":{"start":{"line":180,"column":91},"end":{"line":237,"column":1}},"line":180},"4":{"name":"(anonymous_4)","decl":{"start":{"line":242,"column":48},"end":{"line":242,"column":49}},"loc":{"start":{"line":242,"column":129},"end":{"line":304,"column":1}},"line":242}},"branchMap":{"0":{"loc":{"start":{"line":39,"column":57},"end":{"line":39,"column":114}},"type":"binary-expr","locations":[{"start":{"line":39,"column":57},"end":{"line":39,"column":76}},{"start":{"line":39,"column":80},"end":{"line":39,"column":105}},{"start":{"line":39,"column":109},"end":{"line":39,"column":114}}],"line":39},"1":{"loc":{"start":{"line":40,"column":61},"end":{"line":40,"column":161}},"type":"cond-expr","locations":[{"start":{"line":40,"column":93},"end":{"line":40,"column":153}},{"start":{"line":40,"column":156},"end":{"line":40,"column":161}}],"line":40},"2":{"loc":{"start":{"line":100,"column":57},"end":{"line":100,"column":114}},"type":"binary-expr","locations":[{"start":{"line":100,"column":57},"end":{"line":100,"column":76}},{"start":{"line":100,"column":80},"end":{"line":100,"column":105}},{"start":{"line":100,"column":109},"end":{"line":100,"column":114}}],"line":100},"3":{"loc":{"start":{"line":101,"column":61},"end":{"line":101,"column":161}},"type":"cond-expr","locations":[{"start":{"line":101,"column":93},"end":{"line":101,"column":153}},{"start":{"line":101,"column":156},"end":{"line":101,"column":161}}],"line":101},"4":{"loc":{"start":{"line":154,"column":57},"end":{"line":154,"column":114}},"type":"binary-expr","locations":[{"start":{"line":154,"column":57},"end":{"line":154,"column":76}},{"start":{"line":154,"column":80},"end":{"line":154,"column":105}},{"start":{"line":154,"column":109},"end":{"line":154,"column":114}}],"line":154},"5":{"loc":{"start":{"line":155,"column":61},"end":{"line":155,"column":161}},"type":"cond-expr","locations":[{"start":{"line":155,"column":93},"end":{"line":155,"column":153}},{"start":{"line":155,"column":156},"end":{"line":155,"column":161}}],"line":155},"6":{"loc":{"start":{"line":215,"column":53},"end":{"line":215,"column":81}},"type":"binary-expr","locations":[{"start":{"line":215,"column":53},"end":{"line":215,"column":72}},{"start":{"line":215,"column":76},"end":{"line":215,"column":81}}],"line":215},"7":{"loc":{"start":{"line":216,"column":57},"end":{"line":216,"column":91}},"type":"binary-expr","locations":[{"start":{"line":216,"column":57},"end":{"line":216,"column":82}},{"start":{"line":216,"column":86},"end":{"line":216,"column":91}}],"line":216},"8":{"loc":{"start":{"line":217,"column":61},"end":{"line":217,"column":161}},"type":"cond-expr","locations":[{"start":{"line":217,"column":93},"end":{"line":217,"column":153}},{"start":{"line":217,"column":156},"end":{"line":217,"column":161}}],"line":217},"9":{"loc":{"start":{"line":283,"column":53},"end":{"line":283,"column":81}},"type":"binary-expr","locations":[{"start":{"line":283,"column":53},"end":{"line":283,"column":72}},{"start":{"line":283,"column":76},"end":{"line":283,"column":81}}],"line":283},"10":{"loc":{"start":{"line":284,"column":57},"end":{"line":284,"column":91}},"type":"binary-expr","locations":[{"start":{"line":284,"column":57},"end":{"line":284,"column":82}},{"start":{"line":284,"column":86},"end":{"line":284,"column":91}}],"line":284},"11":{"loc":{"start":{"line":285,"column":61},"end":{"line":285,"column":161}},"type":"cond-expr","locations":[{"start":{"line":285,"column":93},"end":{"line":285,"column":153}},{"start":{"line":285,"column":156},"end":{"line":285,"column":161}}],"line":285}},"s":{"0":0,"1":0,"2":0,"3":0,"4":0,"5":0,"6":0,"7":0,"8":0,"9":0},"f":{"0":0,"1":0,"2":0,"3":0,"4":0},"b":{"0":[0,0,0],"1":[0,0],"2":[0,0,0],"3":[0,0],"4":[0,0,0],"5":[0,0],"6":[0,0],"7":[0,0],"8":[0,0],"9":[0,0],"10":[0,0],"11":[0,0]}}
,"C:\\Users\\extcacd\\Desktop\\Capstone\\reimbursement-backend\\src\\utils\\sendEmail.js": {"path":"C:\\Users\\extcacd\\Desktop\\Capstone\\reimbursement-backend\\src\\utils\\sendEmail.js","statementMap":{"0":{"start":{"line":5,"column":0},"end":{"line":5,"column":16}},"1":{"start":{"line":15,"column":2},"end":{"line":89,"column":3}},"2":{"start":{"line":17,"column":4},"end":{"line":19,"column":5}},"3":{"start":{"line":18,"column":6},"end":{"line":18,"column":103}},"4":{"start":{"line":22,"column":24},"end":{"line":32,"column":6}},"5":{"start":{"line":35,"column":24},"end":{"line":43,"column":5}},"6":{"start":{"line":46,"column":4},"end":{"line":57,"column":5}},"7":{"start":{"line":47,"column":6},"end":{"line":52,"column":7}},"8":{"start":{"line":49,"column":8},"end":{"line":49,"column":78}},"9":{"start":{"line":49,"column":44},"end":{"line":49,"column":65}},"10":{"start":{"line":50,"column":13},"end":{"line":52,"column":7}},"11":{"start":{"line":51,"column":8},"end":{"line":51,"column":28}},"12":{"start":{"line":54,"column":6},"end":{"line":56,"column":7}},"13":{"start":{"line":55,"column":8},"end":{"line":55,"column":48}},"14":{"start":{"line":60,"column":17},"end":{"line":65,"column":6}},"15":{"start":{"line":63,"column":8},"end":{"line":63,"column":89}},"16":{"start":{"line":63,"column":25},"end":{"line":63,"column":81}},"17":{"start":{"line":67,"column":4},"end":{"line":67,"column":55}},"18":{"start":{"line":68,"column":4},"end":{"line":70,"column":5}},"19":{"start":{"line":69,"column":6},"end":{"line":69,"column":54}},"20":{"start":{"line":71,"column":4},"end":{"line":71,"column":52}},"21":{"start":{"line":73,"column":4},"end":{"line":73,"column":16}},"22":{"start":{"line":75,"column":4},"end":{"line":75,"column":59}},"23":{"start":{"line":78,"column":4},"end":{"line":86,"column":5}},"24":{"start":{"line":79,"column":6},"end":{"line":79,"column":97}},"25":{"start":{"line":80,"column":6},"end":{"line":80,"column":100}},"26":{"start":{"line":81,"column":11},"end":{"line":86,"column":5}},"27":{"start":{"line":82,"column":6},"end":{"line":82,"column":102}},"28":{"start":{"line":83,"column":6},"end":{"line":83,"column":83}},"29":{"start":{"line":84,"column":11},"end":{"line":86,"column":5}},"30":{"start":{"line":85,"column":6},"end":{"line":85,"column":87}},"31":{"start":{"line":88,"column":4},"end":{"line":88,"column":16}},"32":{"start":{"line":96,"column":2},"end":{"line":137,"column":3}},"33":{"start":{"line":97,"column":4},"end":{"line":107,"column":5}},"34":{"start":{"line":98,"column":6},"end":{"line":98,"column":54}},"35":{"start":{"line":99,"column":6},"end":{"line":99,"column":84}},"36":{"start":{"line":100,"column":6},"end":{"line":100,"column":92}},"37":{"start":{"line":101,"column":6},"end":{"line":101,"column":87}},"38":{"start":{"line":102,"column":6},"end":{"line":102,"column":46}},"39":{"start":{"line":103,"column":6},"end":{"line":103,"column":57}},"40":{"start":{"line":104,"column":6},"end":{"line":104,"column":72}},"41":{"start":{"line":105,"column":6},"end":{"line":105,"column":65}},"42":{"start":{"line":106,"column":6},"end":{"line":106,"column":19}},"43":{"start":{"line":109,"column":24},"end":{"line":115,"column":6}},"44":{"start":{"line":117,"column":4},"end":{"line":117,"column":31}},"45":{"start":{"line":118,"column":4},"end":{"line":118,"column":75}},"46":{"start":{"line":119,"column":4},"end":{"line":119,"column":71}},"47":{"start":{"line":120,"column":4},"end":{"line":120,"column":54}},"48":{"start":{"line":121,"column":4},"end":{"line":121,"column":16}},"49":{"start":{"line":123,"column":4},"end":{"line":123,"column":65}},"50":{"start":{"line":125,"column":4},"end":{"line":134,"column":5}},"51":{"start":{"line":126,"column":6},"end":{"line":126,"column":50}},"52":{"start":{"line":127,"column":6},"end":{"line":127,"column":35}},"53":{"start":{"line":128,"column":6},"end":{"line":128,"column":93}},"54":{"start":{"line":129,"column":6},"end":{"line":129,"column":92}},"55":{"start":{"line":130,"column":6},"end":{"line":130,"column":79}},"56":{"start":{"line":131,"column":6},"end":{"line":131,"column":39}},"57":{"start":{"line":132,"column":6},"end":{"line":132,"column":61}},"58":{"start":{"line":133,"column":6},"end":{"line":133,"column":53}},"59":{"start":{"line":136,"column":4},"end":{"line":136,"column":17}}},"fnMap":{"0":{"name":"sendEmail","decl":{"start":{"line":14,"column":22},"end":{"line":14,"column":31}},"loc":{"start":{"line":14,"column":62},"end":{"line":90,"column":1}},"line":14},"1":{"name":"(anonymous_1)","decl":{"start":{"line":49,"column":35},"end":{"line":49,"column":36}},"loc":{"start":{"line":49,"column":44},"end":{"line":49,"column":65}},"line":49},"2":{"name":"(anonymous_2)","decl":{"start":{"line":62,"column":18},"end":{"line":62,"column":19}},"loc":{"start":{"line":63,"column":8},"end":{"line":63,"column":89}},"line":63},"3":{"name":"(anonymous_3)","decl":{"start":{"line":63,"column":19},"end":{"line":63,"column":20}},"loc":{"start":{"line":63,"column":25},"end":{"line":63,"column":81}},"line":63},"4":{"name":"verifyEmailConfig","decl":{"start":{"line":95,"column":22},"end":{"line":95,"column":39}},"loc":{"start":{"line":95,"column":42},"end":{"line":138,"column":1}},"line":95}},"branchMap":{"0":{"loc":{"start":{"line":14,"column":51},"end":{"line":14,"column":60}},"type":"default-arg","locations":[{"start":{"line":14,"column":56},"end":{"line":14,"column":60}}],"line":14},"1":{"loc":{"start":{"line":17,"column":4},"end":{"line":19,"column":5}},"type":"if","locations":[{"start":{"line":17,"column":4},"end":{"line":19,"column":5}},{"start":{},"end":{}}],"line":17},"2":{"loc":{"start":{"line":17,"column":8},"end":{"line":17,"column":62}},"type":"binary-expr","locations":[{"start":{"line":17,"column":8},"end":{"line":17,"column":31}},{"start":{"line":17,"column":35},"end":{"line":17,"column":62}}],"line":17},"3":{"loc":{"start":{"line":23,"column":15},"end":{"line":23,"column":51}},"type":"binary-expr","locations":[{"start":{"line":23,"column":15},"end":{"line":23,"column":40}},{"start":{"line":23,"column":44},"end":{"line":23,"column":51}}],"line":23},"4":{"loc":{"start":{"line":46,"column":4},"end":{"line":57,"column":5}},"type":"if","locations":[{"start":{"line":46,"column":4},"end":{"line":57,"column":5}},{"start":{},"end":{}}],"line":46},"5":{"loc":{"start":{"line":47,"column":6},"end":{"line":52,"column":7}},"type":"if","locations":[{"start":{"line":47,"column":6},"end":{"line":52,"column":7}},{"start":{"line":50,"column":13},"end":{"line":52,"column":7}}],"line":47},"6":{"loc":{"start":{"line":49,"column":44},"end":{"line":49,"column":65}},"type":"binary-expr","locations":[{"start":{"line":49,"column":44},"end":{"line":49,"column":49}},{"start":{"line":49,"column":53},"end":{"line":49,"column":65}}],"line":49},"7":{"loc":{"start":{"line":50,"column":13},"end":{"line":52,"column":7}},"type":"if","locations":[{"start":{"line":50,"column":13},"end":{"line":52,"column":7}},{"start":{},"end":{}}],"line":50},"8":{"loc":{"start":{"line":50,"column":17},"end":{"line":50,"column":52}},"type":"binary-expr","locations":[{"start":{"line":50,"column":17},"end":{"line":50,"column":39}},{"start":{"line":50,"column":43},"end":{"line":50,"column":52}}],"line":50},"9":{"loc":{"start":{"line":54,"column":6},"end":{"line":56,"column":7}},"type":"if","locations":[{"start":{"line":54,"column":6},"end":{"line":56,"column":7}},{"start":{},"end":{}}],"line":54},"10":{"loc":{"start":{"line":68,"column":4},"end":{"line":70,"column":5}},"type":"if","locations":[{"start":{"line":68,"column":4},"end":{"line":70,"column":5}},{"start":{},"end":{}}],"line":68},"11":{"loc":{"start":{"line":78,"column":4},"end":{"line":86,"column":5}},"type":"if","locations":[{"start":{"line":78,"column":4},"end":{"line":86,"column":5}},{"start":{"line":81,"column":11},"end":{"line":86,"column":5}}],"line":78},"12":{"loc":{"start":{"line":81,"column":11},"end":{"line":86,"column":5}},"type":"if","locations":[{"start":{"line":81,"column":11},"end":{"line":86,"column":5}},{"start":{"line":84,"column":11},"end":{"line":86,"column":5}}],"line":81},"13":{"loc":{"start":{"line":81,"column":15},"end":{"line":81,"column":70}},"type":"binary-expr","locations":[{"start":{"line":81,"column":15},"end":{"line":81,"column":39}},{"start":{"line":81,"column":43},"end":{"line":81,"column":70}}],"line":81},"14":{"loc":{"start":{"line":84,"column":11},"end":{"line":86,"column":5}},"type":"if","locations":[{"start":{"line":84,"column":11},"end":{"line":86,"column":5}},{"start":{},"end":{}}],"line":84},"15":{"loc":{"start":{"line":97,"column":4},"end":{"line":107,"column":5}},"type":"if","locations":[{"start":{"line":97,"column":4},"end":{"line":107,"column":5}},{"start":{},"end":{}}],"line":97},"16":{"loc":{"start":{"line":97,"column":8},"end":{"line":97,"column":62}},"type":"binary-expr","locations":[{"start":{"line":97,"column":8},"end":{"line":97,"column":31}},{"start":{"line":97,"column":35},"end":{"line":97,"column":62}}],"line":97},"17":{"loc":{"start":{"line":99,"column":36},"end":{"line":99,"column":82}},"type":"cond-expr","locations":[{"start":{"line":99,"column":61},"end":{"line":99,"column":68}},{"start":{"line":99,"column":71},"end":{"line":99,"column":82}}],"line":99},"18":{"loc":{"start":{"line":100,"column":40},"end":{"line":100,"column":90}},"type":"cond-expr","locations":[{"start":{"line":100,"column":69},"end":{"line":100,"column":76}},{"start":{"line":100,"column":79},"end":{"line":100,"column":90}}],"line":100},"19":{"loc":{"start":{"line":101,"column":39},"end":{"line":101,"column":85}},"type":"binary-expr","locations":[{"start":{"line":101,"column":39},"end":{"line":101,"column":64}},{"start":{"line":101,"column":68},"end":{"line":101,"column":85}}],"line":101},"20":{"loc":{"start":{"line":110,"column":15},"end":{"line":110,"column":51}},"type":"binary-expr","locations":[{"start":{"line":110,"column":15},"end":{"line":110,"column":40}},{"start":{"line":110,"column":44},"end":{"line":110,"column":51}}],"line":110},"21":{"loc":{"start":{"line":119,"column":31},"end":{"line":119,"column":67}},"type":"binary-expr","locations":[{"start":{"line":119,"column":31},"end":{"line":119,"column":56}},{"start":{"line":119,"column":60},"end":{"line":119,"column":67}}],"line":119},"22":{"loc":{"start":{"line":125,"column":4},"end":{"line":134,"column":5}},"type":"if","locations":[{"start":{"line":125,"column":4},"end":{"line":134,"column":5}},{"start":{},"end":{}}],"line":125}},"s":{"0":0,"1":0,"2":0,"3":0,"4":0,"5":0,"6":0,"7":0,"8":0,"9":0,"10":0,"11":0,"12":0,"13":0,"14":0,"15":0,"16":0,"17":0,"18":0,"19":0,"20":0,"21":0,"22":0,"23":0,"24":0,"25":0,"26":0,"27":0,"28":0,"29":0,"30":0,"31":0,"32":0,"33":0,"34":0,"35":0,"36":0,"37":0,"38":0,"39":0,"40":0,"41":0,"42":0,"43":0,"44":0,"45":0,"46":0,"47":0,"48":0,"49":0,"50":0,"51":0,"52":0,"53":0,"54":0,"55":0,"56":0,"57":0,"58":0,"59":0},"f":{"0":0,"1":0,"2":0,"3":0,"4":0},"b":{"0":[0],"1":[0,0],"2":[0,0],"3":[0,0],"4":[0,0],"5":[0,0],"6":[0,0],"7":[0,0],"8":[0,0],"9":[0,0],"10":[0,0],"11":[0,0],"12":[0,0],"13":[0,0],"14":[0,0],"15":[0,0],"16":[0,0],"17":[0,0],"18":[0,0],"19":[0,0],"20":[0,0],"21":[0,0],"22":[0,0]}}
}
